{"/root/projects/btd-app/btd-payment-service/src/app.controller.ts": {"path":"/root/projects/btd-app/btd-payment-service/src/app.controller.ts","statementMap":{"0":{"start":{"line":1,"column":0},"end":{"line":1,"column":49}},"1":{"start":{"line":2,"column":0},"end":{"line":2,"column":69}},"2":{"start":{"line":3,"column":0},"end":{"line":3,"column":43}},"3":{"start":{"line":7,"column":7},"end":{"line":60,"column":null}},"4":{"start":{"line":8,"column":31},"end":{"line":8,"column":43}},"5":{"start":{"line":23,"column":4},"end":{"line":23,"column":38}},"6":{"start":{"line":51,"column":4},"end":{"line":58,"column":6}},"7":{"start":{"line":7,"column":13},"end":{"line":7,"column":26}},"8":{"start":{"line":22,"column":2},"end":{"line":24,"column":null}},"9":{"start":{"line":50,"column":2},"end":{"line":59,"column":null}},"10":{"start":{"line":7,"column":13},"end":{"line":60,"column":null}}},"fnMap":{"0":{"name":"(anonymous_2)","decl":{"start":{"line":8,"column":2},"end":{"line":8,"column":31}},"loc":{"start":{"line":8,"column":53},"end":{"line":8,"column":57}}},"1":{"name":"(anonymous_3)","decl":{"start":{"line":22,"column":2},"end":{"line":22,"column":10}},"loc":{"start":{"line":22,"column":10},"end":{"line":24,"column":3}}},"2":{"name":"(anonymous_4)","decl":{"start":{"line":50,"column":2},"end":{"line":50,"column":11}},"loc":{"start":{"line":50,"column":11},"end":{"line":59,"column":3}}}},"branchMap":{},"s":{"0":1,"1":1,"2":1,"3":1,"4":1,"5":1,"6":0,"7":1,"8":1,"9":1,"10":1},"f":{"0":1,"1":1,"2":0},"b":{}}
,"/root/projects/btd-app/btd-payment-service/src/app.service.ts": {"path":"/root/projects/btd-app/btd-payment-service/src/app.service.ts","statementMap":{"0":{"start":{"line":1,"column":0},"end":{"line":1,"column":44}},"1":{"start":{"line":4,"column":7},"end":{"line":8,"column":null}},"2":{"start":{"line":6,"column":4},"end":{"line":6,"column":26}},"3":{"start":{"line":4,"column":13},"end":{"line":4,"column":23}},"4":{"start":{"line":4,"column":13},"end":{"line":8,"column":null}}},"fnMap":{"0":{"name":"(anonymous_1)","decl":{"start":{"line":5,"column":2},"end":{"line":5,"column":10}},"loc":{"start":{"line":5,"column":10},"end":{"line":7,"column":3}}}},"branchMap":{},"s":{"0":1,"1":1,"2":1,"3":1,"4":1},"f":{"0":1},"b":{}}
,"/root/projects/btd-app/btd-payment-service/src/consul-service-registration.ts": {"path":"/root/projects/btd-app/btd-payment-service/src/consul-service-registration.ts","statementMap":{"0":{"start":{"line":8,"column":0},"end":{"line":8,"column":null}},"1":{"start":{"line":14,"column":0},"end":{"line":14,"column":47}},"2":{"start":{"line":15,"column":0},"end":{"line":15,"column":null}},"3":{"start":{"line":19,"column":0},"end":{"line":19,"column":45}},"4":{"start":{"line":22,"column":38},"end":{"line":139,"column":null}},"5":{"start":{"line":28,"column":31},"end":{"line":28,"column":46}},"6":{"start":{"line":25,"column":19},"end":{"line":25,"column":71}},"7":{"start":{"line":34,"column":4},"end":{"line":49,"column":5}},"8":{"start":{"line":35,"column":38},"end":{"line":39,"column":null}},"9":{"start":{"line":41,"column":6},"end":{"line":41,"column":37}},"10":{"start":{"line":44,"column":8},"end":{"line":44,"column":64}},"11":{"start":{"line":45,"column":6},"end":{"line":47,"column":8}},"12":{"start":{"line":48,"column":6},"end":{"line":48,"column":19}},"13":{"start":{"line":53,"column":4},"end":{"line":53,"column":71}},"14":{"start":{"line":57,"column":6},"end":{"line":57,"column":68}},"15":{"start":{"line":59,"column":6},"end":{"line":59,"column":61}},"16":{"start":{"line":60,"column":22},"end":{"line":60,"column":58}},"17":{"start":{"line":63,"column":26},"end":{"line":63,"column":65}},"18":{"start":{"line":64,"column":4},"end":{"line":69,"column":5}},"19":{"start":{"line":65,"column":6},"end":{"line":67,"column":8}},"20":{"start":{"line":68,"column":6},"end":{"line":68,"column":13}},"21":{"start":{"line":71,"column":52},"end":{"line":91,"column":6}},"22":{"start":{"line":93,"column":4},"end":{"line":93,"column":63}},"23":{"start":{"line":96,"column":4},"end":{"line":98,"column":13}},"24":{"start":{"line":97,"column":6},"end":{"line":97,"column":44}},"25":{"start":{"line":100,"column":4},"end":{"line":100,"column":65}},"26":{"start":{"line":104,"column":4},"end":{"line":104,"column":71}},"27":{"start":{"line":106,"column":4},"end":{"line":108,"column":5}},"28":{"start":{"line":107,"column":6},"end":{"line":107,"column":47}},"29":{"start":{"line":110,"column":4},"end":{"line":110,"column":71}},"30":{"start":{"line":116,"column":4},"end":{"line":118,"column":5}},"31":{"start":{"line":117,"column":6},"end":{"line":117,"column":59}},"32":{"start":{"line":125,"column":4},"end":{"line":127,"column":5}},"33":{"start":{"line":126,"column":6},"end":{"line":126,"column":61}},"34":{"start":{"line":131,"column":4},"end":{"line":133,"column":14}},"35":{"start":{"line":137,"column":4},"end":{"line":137,"column":79}},"36":{"start":{"line":22,"column":13},"end":{"line":22,"column":38}},"37":{"start":{"line":22,"column":13},"end":{"line":139,"column":null}}},"fnMap":{"0":{"name":"(anonymous_2)","decl":{"start":{"line":28,"column":2},"end":{"line":28,"column":31}},"loc":{"start":{"line":28,"column":59},"end":{"line":28,"column":63}}},"1":{"name":"(anonymous_3)","decl":{"start":{"line":33,"column":10},"end":{"line":33,"column":15}},"loc":{"start":{"line":33,"column":51},"end":{"line":50,"column":3}}},"2":{"name":"(anonymous_4)","decl":{"start":{"line":52,"column":2},"end":{"line":52,"column":7}},"loc":{"start":{"line":52,"column":20},"end":{"line":101,"column":3}}},"3":{"name":"(anonymous_5)","decl":{"start":{"line":96,"column":15},"end":{"line":96,"column":18}},"loc":{"start":{"line":96,"column":20},"end":{"line":98,"column":5}}},"4":{"name":"(anonymous_6)","decl":{"start":{"line":103,"column":2},"end":{"line":103,"column":7}},"loc":{"start":{"line":103,"column":23},"end":{"line":111,"column":3}}},"5":{"name":"(anonymous_7)","decl":{"start":{"line":113,"column":2},"end":{"line":113,"column":7}},"loc":{"start":{"line":114,"column":37},"end":{"line":119,"column":3}}},"6":{"name":"(anonymous_8)","decl":{"start":{"line":121,"column":2},"end":{"line":121,"column":7}},"loc":{"start":{"line":123,"column":17},"end":{"line":128,"column":3}}},"7":{"name":"(anonymous_9)","decl":{"start":{"line":130,"column":2},"end":{"line":130,"column":14}},"loc":{"start":{"line":130,"column":14},"end":{"line":134,"column":3}}},"8":{"name":"(anonymous_10)","decl":{"start":{"line":136,"column":2},"end":{"line":136,"column":14}},"loc":{"start":{"line":136,"column":14},"end":{"line":138,"column":3}}}},"branchMap":{"0":{"loc":{"start":{"line":44,"column":8},"end":{"line":44,"column":64}},"type":"cond-expr","locations":[{"start":{"line":44,"column":33},"end":{"line":44,"column":46}},{"start":{"line":44,"column":49},"end":{"line":44,"column":64}}]},"1":{"loc":{"start":{"line":57,"column":6},"end":{"line":57,"column":68}},"type":"binary-expr","locations":[{"start":{"line":57,"column":6},"end":{"line":57,"column":51}},{"start":{"line":57,"column":55},"end":{"line":57,"column":68}}]},"2":{"loc":{"start":{"line":59,"column":6},"end":{"line":59,"column":61}},"type":"binary-expr","locations":[{"start":{"line":59,"column":6},"end":{"line":59,"column":51}},{"start":{"line":59,"column":55},"end":{"line":59,"column":61}}]},"3":{"loc":{"start":{"line":64,"column":4},"end":{"line":69,"column":5}},"type":"if","locations":[{"start":{"line":64,"column":4},"end":{"line":69,"column":5}}]},"4":{"loc":{"start":{"line":73,"column":15},"end":{"line":73,"column":75}},"type":"binary-expr","locations":[{"start":{"line":73,"column":15},"end":{"line":73,"column":64}},{"start":{"line":73,"column":68},"end":{"line":73,"column":75}}]},"5":{"loc":{"start":{"line":74,"column":12},"end":{"line":74,"column":65}},"type":"binary-expr","locations":[{"start":{"line":74,"column":12},"end":{"line":74,"column":50}},{"start":{"line":74,"column":54},"end":{"line":74,"column":65}}]},"6":{"loc":{"start":{"line":75,"column":12},"end":{"line":75,"column":58}},"type":"binary-expr","locations":[{"start":{"line":75,"column":12},"end":{"line":75,"column":50}},{"start":{"line":75,"column":54},"end":{"line":75,"column":58}}]},"7":{"loc":{"start":{"line":76,"column":16},"end":{"line":76,"column":68}},"type":"binary-expr","locations":[{"start":{"line":76,"column":16},"end":{"line":76,"column":59}},{"start":{"line":76,"column":63},"end":{"line":76,"column":68}}]},"8":{"loc":{"start":{"line":82,"column":10},"end":{"line":82,"column":69}},"type":"binary-expr","locations":[{"start":{"line":82,"column":10},"end":{"line":82,"column":52}},{"start":{"line":82,"column":56},"end":{"line":82,"column":69}}]},"9":{"loc":{"start":{"line":83,"column":22},"end":{"line":83,"column":60}},"type":"binary-expr","locations":[{"start":{"line":83,"column":22},"end":{"line":83,"column":47}},{"start":{"line":83,"column":51},"end":{"line":83,"column":60}}]},"10":{"loc":{"start":{"line":84,"column":16},"end":{"line":84,"column":71}},"type":"binary-expr","locations":[{"start":{"line":84,"column":16},"end":{"line":84,"column":56}},{"start":{"line":84,"column":60},"end":{"line":84,"column":71}}]},"11":{"loc":{"start":{"line":106,"column":4},"end":{"line":108,"column":5}},"type":"if","locations":[{"start":{"line":106,"column":4},"end":{"line":108,"column":5}}]},"12":{"loc":{"start":{"line":116,"column":4},"end":{"line":118,"column":5}},"type":"if","locations":[{"start":{"line":116,"column":4},"end":{"line":118,"column":5}}]},"13":{"loc":{"start":{"line":125,"column":4},"end":{"line":127,"column":5}},"type":"if","locations":[{"start":{"line":125,"column":4},"end":{"line":127,"column":5}}]},"14":{"loc":{"start":{"line":131,"column":11},"end":{"line":133,"column":13}},"type":"cond-expr","locations":[{"start":{"line":132,"column":8},"end":{"line":132,"column":51}},{"start":{"line":133,"column":8},"end":{"line":133,"column":13}}]},"15":{"loc":{"start":{"line":137,"column":11},"end":{"line":137,"column":78}},"type":"cond-expr","locations":[{"start":{"line":137,"column":35},"end":{"line":137,"column":71}},{"start":{"line":137,"column":74},"end":{"line":137,"column":78}}]}},"s":{"0":0,"1":0,"2":0,"3":0,"4":0,"5":0,"6":0,"7":0,"8":0,"9":0,"10":0,"11":0,"12":0,"13":0,"14":0,"15":0,"16":0,"17":0,"18":0,"19":0,"20":0,"21":0,"22":0,"23":0,"24":0,"25":0,"26":0,"27":0,"28":0,"29":0,"30":0,"31":0,"32":0,"33":0,"34":0,"35":0,"36":0,"37":0},"f":{"0":0,"1":0,"2":0,"3":0,"4":0,"5":0,"6":0,"7":0,"8":0},"b":{"0":[0,0],"1":[0,0],"2":[0,0],"3":[0],"4":[0,0],"5":[0,0],"6":[0,0],"7":[0,0],"8":[0,0],"9":[0,0],"10":[0,0],"11":[0],"12":[0],"13":[0],"14":[0,0],"15":[0,0]}}
,"/root/projects/btd-app/btd-payment-service/src/config/stripe.config.ts": {"path":"/root/projects/btd-app/btd-payment-service/src/config/stripe.config.ts","statementMap":{"0":{"start":{"line":8,"column":0},"end":{"line":8,"column":44}},"1":{"start":{"line":22,"column":0},"end":{"line":186,"column":4}},"2":{"start":{"line":22,"column":43},"end":{"line":186,"column":2}}},"fnMap":{"0":{"name":"(anonymous_0)","decl":{"start":{"line":22,"column":36},"end":{"line":22,"column":39}},"loc":{"start":{"line":22,"column":43},"end":{"line":186,"column":2}}}},"branchMap":{"0":{"loc":{"start":{"line":61,"column":21},"end":{"line":61,"column":71}},"type":"binary-expr","locations":[{"start":{"line":61,"column":21},"end":{"line":61,"column":65}},{"start":{"line":61,"column":69},"end":{"line":61,"column":71}}]},"1":{"loc":{"start":{"line":62,"column":23},"end":{"line":62,"column":67}},"type":"binary-expr","locations":[{"start":{"line":62,"column":23},"end":{"line":62,"column":61}},{"start":{"line":62,"column":65},"end":{"line":62,"column":67}}]},"2":{"loc":{"start":{"line":78,"column":21},"end":{"line":78,"column":70}},"type":"binary-expr","locations":[{"start":{"line":78,"column":21},"end":{"line":78,"column":64}},{"start":{"line":78,"column":68},"end":{"line":78,"column":70}}]},"3":{"loc":{"start":{"line":79,"column":23},"end":{"line":79,"column":67}},"type":"binary-expr","locations":[{"start":{"line":79,"column":23},"end":{"line":79,"column":61}},{"start":{"line":79,"column":65},"end":{"line":79,"column":67}}]},"4":{"loc":{"start":{"line":101,"column":21},"end":{"line":101,"column":70}},"type":"binary-expr","locations":[{"start":{"line":101,"column":21},"end":{"line":101,"column":64}},{"start":{"line":101,"column":68},"end":{"line":101,"column":70}}]},"5":{"loc":{"start":{"line":102,"column":23},"end":{"line":102,"column":66}},"type":"binary-expr","locations":[{"start":{"line":102,"column":23},"end":{"line":102,"column":60}},{"start":{"line":102,"column":64},"end":{"line":102,"column":66}}]},"6":{"loc":{"start":{"line":124,"column":21},"end":{"line":124,"column":69}},"type":"binary-expr","locations":[{"start":{"line":124,"column":21},"end":{"line":124,"column":63}},{"start":{"line":124,"column":67},"end":{"line":124,"column":69}}]},"7":{"loc":{"start":{"line":125,"column":23},"end":{"line":125,"column":66}},"type":"binary-expr","locations":[{"start":{"line":125,"column":23},"end":{"line":125,"column":60}},{"start":{"line":125,"column":64},"end":{"line":125,"column":66}}]},"8":{"loc":{"start":{"line":153,"column":21},"end":{"line":153,"column":72}},"type":"binary-expr","locations":[{"start":{"line":153,"column":21},"end":{"line":153,"column":66}},{"start":{"line":153,"column":70},"end":{"line":153,"column":72}}]},"9":{"loc":{"start":{"line":154,"column":23},"end":{"line":154,"column":68}},"type":"binary-expr","locations":[{"start":{"line":154,"column":23},"end":{"line":154,"column":62}},{"start":{"line":154,"column":66},"end":{"line":154,"column":68}}]},"10":{"loc":{"start":{"line":182,"column":21},"end":{"line":182,"column":71}},"type":"binary-expr","locations":[{"start":{"line":182,"column":21},"end":{"line":182,"column":65}},{"start":{"line":182,"column":69},"end":{"line":182,"column":71}}]},"11":{"loc":{"start":{"line":183,"column":23},"end":{"line":183,"column":68}},"type":"binary-expr","locations":[{"start":{"line":183,"column":23},"end":{"line":183,"column":62}},{"start":{"line":183,"column":66},"end":{"line":183,"column":68}}]}},"s":{"0":0,"1":0,"2":0},"f":{"0":0},"b":{"0":[0,0],"1":[0,0],"2":[0,0],"3":[0,0],"4":[0,0],"5":[0,0],"6":[0,0],"7":[0,0],"8":[0,0],"9":[0,0],"10":[0,0],"11":[0,0]}}
,"/root/projects/btd-app/btd-payment-service/src/controllers/payment.controller.ts": {"path":"/root/projects/btd-app/btd-payment-service/src/controllers/payment.controller.ts","statementMap":{"0":{"start":{"line":8,"column":0},"end":{"line":8,"column":null}},"1":{"start":{"line":19,"column":0},"end":{"line":19,"column":null}},"2":{"start":{"line":26,"column":0},"end":{"line":26,"column":59}},"3":{"start":{"line":27,"column":0},"end":{"line":27,"column":null}},"4":{"start":{"line":35,"column":0},"end":{"line":35,"column":62}},"5":{"start":{"line":48,"column":7},"end":{"line":203,"column":null}},"6":{"start":{"line":49,"column":31},"end":{"line":49,"column":46}},"7":{"start":{"line":62,"column":4},"end":{"line":62,"column":50}},"8":{"start":{"line":81,"column":19},"end":{"line":81,"column":46}},"9":{"start":{"line":82,"column":22},"end":{"line":82,"column":59}},"10":{"start":{"line":85,"column":4},"end":{"line":85,"column":68}},"11":{"start":{"line":87,"column":4},"end":{"line":92,"column":6}},"12":{"start":{"line":110,"column":19},"end":{"line":110,"column":46}},"13":{"start":{"line":111,"column":4},"end":{"line":111,"column":56}},"14":{"start":{"line":127,"column":19},"end":{"line":127,"column":46}},"15":{"start":{"line":128,"column":20},"end":{"line":128,"column":70}},"16":{"start":{"line":130,"column":4},"end":{"line":133,"column":31}},"17":{"start":{"line":130,"column":36},"end":{"line":133,"column":6}},"18":{"start":{"line":149,"column":19},"end":{"line":149,"column":46}},"19":{"start":{"line":150,"column":20},"end":{"line":150,"column":70}},"20":{"start":{"line":152,"column":4},"end":{"line":155,"column":30}},"21":{"start":{"line":152,"column":36},"end":{"line":155,"column":6}},"22":{"start":{"line":177,"column":19},"end":{"line":177,"column":46}},"23":{"start":{"line":178,"column":4},"end":{"line":178,"column":74}},"24":{"start":{"line":200,"column":19},"end":{"line":200,"column":46}},"25":{"start":{"line":201,"column":4},"end":{"line":201,"column":79}},"26":{"start":{"line":48,"column":13},"end":{"line":48,"column":30}},"27":{"start":{"line":61,"column":2},"end":{"line":63,"column":null}},"28":{"start":{"line":77,"column":8},"end":{"line":93,"column":null}},"29":{"start":{"line":106,"column":8},"end":{"line":112,"column":null}},"30":{"start":{"line":124,"column":8},"end":{"line":134,"column":null}},"31":{"start":{"line":146,"column":8},"end":{"line":156,"column":null}},"32":{"start":{"line":173,"column":8},"end":{"line":179,"column":null}},"33":{"start":{"line":196,"column":8},"end":{"line":202,"column":null}},"34":{"start":{"line":48,"column":13},"end":{"line":203,"column":null}}},"fnMap":{"0":{"name":"(anonymous_4)","decl":{"start":{"line":49,"column":2},"end":{"line":49,"column":31}},"loc":{"start":{"line":49,"column":59},"end":{"line":49,"column":63}}},"1":{"name":"(anonymous_5)","decl":{"start":{"line":61,"column":2},"end":{"line":61,"column":10}},"loc":{"start":{"line":61,"column":10},"end":{"line":63,"column":3}}},"2":{"name":"(anonymous_6)","decl":{"start":{"line":77,"column":2},"end":{"line":77,"column":7}},"loc":{"start":{"line":79,"column":36},"end":{"line":93,"column":3}}},"3":{"name":"(anonymous_7)","decl":{"start":{"line":106,"column":2},"end":{"line":106,"column":7}},"loc":{"start":{"line":108,"column":36},"end":{"line":112,"column":3}}},"4":{"name":"(anonymous_8)","decl":{"start":{"line":124,"column":2},"end":{"line":124,"column":7}},"loc":{"start":{"line":125,"column":36},"end":{"line":134,"column":3}}},"5":{"name":"(anonymous_9)","decl":{"start":{"line":130,"column":23},"end":{"line":130,"column":24}},"loc":{"start":{"line":130,"column":36},"end":{"line":133,"column":6}}},"6":{"name":"(anonymous_10)","decl":{"start":{"line":146,"column":2},"end":{"line":146,"column":7}},"loc":{"start":{"line":147,"column":36},"end":{"line":156,"column":3}}},"7":{"name":"(anonymous_11)","decl":{"start":{"line":152,"column":23},"end":{"line":152,"column":24}},"loc":{"start":{"line":152,"column":36},"end":{"line":155,"column":6}}},"8":{"name":"(anonymous_12)","decl":{"start":{"line":173,"column":2},"end":{"line":173,"column":7}},"loc":{"start":{"line":175,"column":36},"end":{"line":179,"column":3}}},"9":{"name":"(anonymous_13)","decl":{"start":{"line":196,"column":2},"end":{"line":196,"column":7}},"loc":{"start":{"line":198,"column":36},"end":{"line":202,"column":3}}}},"branchMap":{"0":{"loc":{"start":{"line":81,"column":19},"end":{"line":81,"column":46}},"type":"binary-expr","locations":[{"start":{"line":81,"column":19},"end":{"line":81,"column":31}},{"start":{"line":81,"column":35},"end":{"line":81,"column":46}}]},"1":{"loc":{"start":{"line":82,"column":22},"end":{"line":82,"column":59}},"type":"binary-expr","locations":[{"start":{"line":82,"column":22},"end":{"line":82,"column":37}},{"start":{"line":82,"column":41},"end":{"line":82,"column":59}}]},"2":{"loc":{"start":{"line":110,"column":19},"end":{"line":110,"column":46}},"type":"binary-expr","locations":[{"start":{"line":110,"column":19},"end":{"line":110,"column":31}},{"start":{"line":110,"column":35},"end":{"line":110,"column":46}}]},"3":{"loc":{"start":{"line":127,"column":19},"end":{"line":127,"column":46}},"type":"binary-expr","locations":[{"start":{"line":127,"column":19},"end":{"line":127,"column":31}},{"start":{"line":127,"column":35},"end":{"line":127,"column":46}}]},"4":{"loc":{"start":{"line":149,"column":19},"end":{"line":149,"column":46}},"type":"binary-expr","locations":[{"start":{"line":149,"column":19},"end":{"line":149,"column":31}},{"start":{"line":149,"column":35},"end":{"line":149,"column":46}}]},"5":{"loc":{"start":{"line":177,"column":19},"end":{"line":177,"column":46}},"type":"binary-expr","locations":[{"start":{"line":177,"column":19},"end":{"line":177,"column":31}},{"start":{"line":177,"column":35},"end":{"line":177,"column":46}}]},"6":{"loc":{"start":{"line":200,"column":19},"end":{"line":200,"column":46}},"type":"binary-expr","locations":[{"start":{"line":200,"column":19},"end":{"line":200,"column":31}},{"start":{"line":200,"column":35},"end":{"line":200,"column":46}}]}},"s":{"0":1,"1":1,"2":1,"3":1,"4":1,"5":1,"6":33,"7":2,"8":9,"9":9,"10":9,"11":8,"12":4,"13":4,"14":5,"15":5,"16":4,"17":5,"18":5,"19":5,"20":4,"21":5,"22":6,"23":6,"24":7,"25":7,"26":1,"27":1,"28":1,"29":1,"30":1,"31":1,"32":1,"33":1,"34":1},"f":{"0":33,"1":2,"2":9,"3":4,"4":5,"5":5,"6":5,"7":5,"8":6,"9":7},"b":{"0":[9,1],"1":[9,1],"2":[4,1],"3":[5,1],"4":[5,1],"5":[6,1],"6":[7,1]}}
,"/root/projects/btd-app/btd-payment-service/src/controllers/subscription.controller.ts": {"path":"/root/projects/btd-app/btd-payment-service/src/controllers/subscription.controller.ts","statementMap":{"0":{"start":{"line":8,"column":0},"end":{"line":8,"column":null}},"1":{"start":{"line":20,"column":0},"end":{"line":20,"column":null}},"2":{"start":{"line":27,"column":0},"end":{"line":27,"column":59}},"3":{"start":{"line":28,"column":0},"end":{"line":28,"column":null}},"4":{"start":{"line":32,"column":0},"end":{"line":32,"column":null}},"5":{"start":{"line":56,"column":7},"end":{"line":342,"column":null}},"6":{"start":{"line":58,"column":21},"end":{"line":58,"column":36}},"7":{"start":{"line":59,"column":21},"end":{"line":59,"column":42}},"8":{"start":{"line":76,"column":19},"end":{"line":76,"column":46}},"9":{"start":{"line":77,"column":4},"end":{"line":77,"column":61}},"10":{"start":{"line":100,"column":19},"end":{"line":100,"column":46}},"11":{"start":{"line":101,"column":22},"end":{"line":101,"column":59}},"12":{"start":{"line":104,"column":4},"end":{"line":104,"column":68}},"13":{"start":{"line":106,"column":4},"end":{"line":110,"column":6}},"14":{"start":{"line":133,"column":19},"end":{"line":133,"column":46}},"15":{"start":{"line":135,"column":4},"end":{"line":155,"column":5}},"16":{"start":{"line":136,"column":6},"end":{"line":154,"column":7}},"17":{"start":{"line":137,"column":8},"end":{"line":140,"column":10}},"18":{"start":{"line":143,"column":10},"end":{"line":143,"column":65}},"19":{"start":{"line":144,"column":8},"end":{"line":148,"column":10}},"20":{"start":{"line":150,"column":8},"end":{"line":153,"column":10}},"21":{"start":{"line":157,"column":4},"end":{"line":171,"column":5}},"22":{"start":{"line":158,"column":6},"end":{"line":162,"column":8}},"23":{"start":{"line":165,"column":8},"end":{"line":165,"column":63}},"24":{"start":{"line":166,"column":6},"end":{"line":170,"column":8}},"25":{"start":{"line":173,"column":4},"end":{"line":173,"column":59}},"26":{"start":{"line":195,"column":19},"end":{"line":195,"column":46}},"27":{"start":{"line":196,"column":4},"end":{"line":199,"column":6}},"28":{"start":{"line":222,"column":19},"end":{"line":222,"column":46}},"29":{"start":{"line":223,"column":22},"end":{"line":223,"column":59}},"30":{"start":{"line":225,"column":4},"end":{"line":231,"column":6}},"31":{"start":{"line":256,"column":19},"end":{"line":256,"column":46}},"32":{"start":{"line":257,"column":4},"end":{"line":257,"column":73}},"33":{"start":{"line":273,"column":19},"end":{"line":273,"column":46}},"34":{"start":{"line":275,"column":6},"end":{"line":275,"column":61}},"35":{"start":{"line":276,"column":4},"end":{"line":278,"column":6}},"36":{"start":{"line":298,"column":19},"end":{"line":298,"column":46}},"37":{"start":{"line":299,"column":4},"end":{"line":302,"column":6}},"38":{"start":{"line":316,"column":19},"end":{"line":316,"column":46}},"39":{"start":{"line":317,"column":4},"end":{"line":317,"column":62}},"40":{"start":{"line":334,"column":19},"end":{"line":334,"column":46}},"41":{"start":{"line":335,"column":4},"end":{"line":339,"column":6}},"42":{"start":{"line":340,"column":4},"end":{"line":340,"column":29}},"43":{"start":{"line":56,"column":13},"end":{"line":56,"column":35}},"44":{"start":{"line":73,"column":8},"end":{"line":78,"column":null}},"45":{"start":{"line":96,"column":8},"end":{"line":111,"column":null}},"46":{"start":{"line":128,"column":8},"end":{"line":174,"column":null}},"47":{"start":{"line":191,"column":8},"end":{"line":200,"column":null}},"48":{"start":{"line":218,"column":8},"end":{"line":232,"column":null}},"49":{"start":{"line":252,"column":8},"end":{"line":258,"column":null}},"50":{"start":{"line":270,"column":8},"end":{"line":279,"column":null}},"51":{"start":{"line":294,"column":8},"end":{"line":303,"column":null}},"52":{"start":{"line":315,"column":2},"end":{"line":318,"column":null}},"53":{"start":{"line":330,"column":8},"end":{"line":341,"column":null}},"54":{"start":{"line":56,"column":13},"end":{"line":342,"column":null}}},"fnMap":{"0":{"name":"(anonymous_4)","decl":{"start":{"line":57,"column":2},"end":{"line":57,"column":null}},"loc":{"start":{"line":59,"column":61},"end":{"line":60,"column":6}}},"1":{"name":"(anonymous_5)","decl":{"start":{"line":73,"column":2},"end":{"line":73,"column":7}},"loc":{"start":{"line":74,"column":36},"end":{"line":78,"column":3}}},"2":{"name":"(anonymous_6)","decl":{"start":{"line":96,"column":2},"end":{"line":96,"column":7}},"loc":{"start":{"line":98,"column":36},"end":{"line":111,"column":3}}},"3":{"name":"(anonymous_7)","decl":{"start":{"line":128,"column":2},"end":{"line":128,"column":7}},"loc":{"start":{"line":131,"column":36},"end":{"line":174,"column":3}}},"4":{"name":"(anonymous_8)","decl":{"start":{"line":191,"column":2},"end":{"line":191,"column":7}},"loc":{"start":{"line":193,"column":36},"end":{"line":200,"column":3}}},"5":{"name":"(anonymous_9)","decl":{"start":{"line":218,"column":2},"end":{"line":218,"column":7}},"loc":{"start":{"line":220,"column":36},"end":{"line":232,"column":3}}},"6":{"name":"(anonymous_10)","decl":{"start":{"line":252,"column":2},"end":{"line":252,"column":7}},"loc":{"start":{"line":254,"column":36},"end":{"line":258,"column":3}}},"7":{"name":"(anonymous_11)","decl":{"start":{"line":270,"column":2},"end":{"line":270,"column":7}},"loc":{"start":{"line":271,"column":36},"end":{"line":279,"column":3}}},"8":{"name":"(anonymous_12)","decl":{"start":{"line":294,"column":2},"end":{"line":294,"column":7}},"loc":{"start":{"line":296,"column":36},"end":{"line":303,"column":3}}},"9":{"name":"(anonymous_13)","decl":{"start":{"line":315,"column":2},"end":{"line":315,"column":19}},"loc":{"start":{"line":315,"column":52},"end":{"line":318,"column":3}}},"10":{"name":"(anonymous_14)","decl":{"start":{"line":330,"column":2},"end":{"line":330,"column":7}},"loc":{"start":{"line":332,"column":36},"end":{"line":341,"column":3}}}},"branchMap":{"0":{"loc":{"start":{"line":76,"column":19},"end":{"line":76,"column":46}},"type":"binary-expr","locations":[{"start":{"line":76,"column":19},"end":{"line":76,"column":31}},{"start":{"line":76,"column":35},"end":{"line":76,"column":46}}]},"1":{"loc":{"start":{"line":100,"column":19},"end":{"line":100,"column":46}},"type":"binary-expr","locations":[{"start":{"line":100,"column":19},"end":{"line":100,"column":31}},{"start":{"line":100,"column":35},"end":{"line":100,"column":46}}]},"2":{"loc":{"start":{"line":101,"column":22},"end":{"line":101,"column":59}},"type":"binary-expr","locations":[{"start":{"line":101,"column":22},"end":{"line":101,"column":37}},{"start":{"line":101,"column":41},"end":{"line":101,"column":59}}]},"3":{"loc":{"start":{"line":133,"column":19},"end":{"line":133,"column":46}},"type":"binary-expr","locations":[{"start":{"line":133,"column":19},"end":{"line":133,"column":31}},{"start":{"line":133,"column":35},"end":{"line":133,"column":46}}]},"4":{"loc":{"start":{"line":135,"column":4},"end":{"line":155,"column":5}},"type":"if","locations":[{"start":{"line":135,"column":4},"end":{"line":155,"column":5}}]},"5":{"loc":{"start":{"line":136,"column":6},"end":{"line":154,"column":7}},"type":"if","locations":[{"start":{"line":136,"column":6},"end":{"line":154,"column":7}},{"start":{"line":149,"column":13},"end":{"line":154,"column":7}}]},"6":{"loc":{"start":{"line":145,"column":26},"end":{"line":145,"column":65}},"type":"binary-expr","locations":[{"start":{"line":145,"column":26},"end":{"line":145,"column":59}},{"start":{"line":145,"column":63},"end":{"line":145,"column":65}}]},"7":{"loc":{"start":{"line":157,"column":4},"end":{"line":171,"column":5}},"type":"if","locations":[{"start":{"line":157,"column":4},"end":{"line":171,"column":5}}]},"8":{"loc":{"start":{"line":167,"column":24},"end":{"line":167,"column":63}},"type":"binary-expr","locations":[{"start":{"line":167,"column":24},"end":{"line":167,"column":57}},{"start":{"line":167,"column":61},"end":{"line":167,"column":63}}]},"9":{"loc":{"start":{"line":195,"column":19},"end":{"line":195,"column":46}},"type":"binary-expr","locations":[{"start":{"line":195,"column":19},"end":{"line":195,"column":31}},{"start":{"line":195,"column":35},"end":{"line":195,"column":46}}]},"10":{"loc":{"start":{"line":222,"column":19},"end":{"line":222,"column":46}},"type":"binary-expr","locations":[{"start":{"line":222,"column":19},"end":{"line":222,"column":31}},{"start":{"line":222,"column":35},"end":{"line":222,"column":46}}]},"11":{"loc":{"start":{"line":223,"column":22},"end":{"line":223,"column":59}},"type":"binary-expr","locations":[{"start":{"line":223,"column":22},"end":{"line":223,"column":37}},{"start":{"line":223,"column":41},"end":{"line":223,"column":59}}]},"12":{"loc":{"start":{"line":256,"column":19},"end":{"line":256,"column":46}},"type":"binary-expr","locations":[{"start":{"line":256,"column":19},"end":{"line":256,"column":31}},{"start":{"line":256,"column":35},"end":{"line":256,"column":46}}]},"13":{"loc":{"start":{"line":273,"column":19},"end":{"line":273,"column":46}},"type":"binary-expr","locations":[{"start":{"line":273,"column":19},"end":{"line":273,"column":31}},{"start":{"line":273,"column":35},"end":{"line":273,"column":46}}]},"14":{"loc":{"start":{"line":298,"column":19},"end":{"line":298,"column":46}},"type":"binary-expr","locations":[{"start":{"line":298,"column":19},"end":{"line":298,"column":31}},{"start":{"line":298,"column":35},"end":{"line":298,"column":46}}]},"15":{"loc":{"start":{"line":316,"column":19},"end":{"line":316,"column":46}},"type":"binary-expr","locations":[{"start":{"line":316,"column":19},"end":{"line":316,"column":31}},{"start":{"line":316,"column":35},"end":{"line":316,"column":46}}]},"16":{"loc":{"start":{"line":334,"column":19},"end":{"line":334,"column":46}},"type":"binary-expr","locations":[{"start":{"line":334,"column":19},"end":{"line":334,"column":31}},{"start":{"line":334,"column":35},"end":{"line":334,"column":46}}]}},"s":{"0":1,"1":1,"2":1,"3":1,"4":1,"5":1,"6":53,"7":53,"8":6,"9":6,"10":7,"11":7,"12":7,"13":6,"14":11,"15":11,"16":7,"17":4,"18":4,"19":4,"20":3,"21":4,"22":2,"23":2,"24":2,"25":2,"26":3,"27":3,"28":6,"29":6,"30":6,"31":3,"32":3,"33":5,"34":5,"35":4,"36":4,"37":4,"38":3,"39":3,"40":5,"41":5,"42":5,"43":1,"44":1,"45":1,"46":1,"47":1,"48":1,"49":1,"50":1,"51":1,"52":1,"53":1,"54":1},"f":{"0":53,"1":6,"2":7,"3":11,"4":3,"5":6,"6":3,"7":5,"8":4,"9":3,"10":5},"b":{"0":[6,4],"1":[7,2],"2":[7,3],"3":[11,2],"4":[7],"5":[4,3],"6":[4,1],"7":[2],"8":[2,1],"9":[3,1],"10":[6,2],"11":[6,3],"12":[3,1],"13":[5,2],"14":[4,1],"15":[3,1],"16":[5,1]}}
,"/root/projects/btd-app/btd-payment-service/src/controllers/webhook.controller.ts": {"path":"/root/projects/btd-app/btd-payment-service/src/controllers/webhook.controller.ts","statementMap":{"0":{"start":{"line":8,"column":0},"end":{"line":8,"column":null}},"1":{"start":{"line":20,"column":0},"end":{"line":20,"column":69}},"2":{"start":{"line":21,"column":0},"end":{"line":21,"column":47}},"3":{"start":{"line":22,"column":0},"end":{"line":22,"column":27}},"4":{"start":{"line":23,"column":0},"end":{"line":23,"column":28}},"5":{"start":{"line":24,"column":0},"end":{"line":24,"column":57}},"6":{"start":{"line":25,"column":0},"end":{"line":25,"column":null}},"7":{"start":{"line":33,"column":30},"end":{"line":568,"column":null}},"8":{"start":{"line":39,"column":21},"end":{"line":39,"column":29}},"9":{"start":{"line":40,"column":21},"end":{"line":40,"column":36}},"10":{"start":{"line":34,"column":19},"end":{"line":34,"column":63}},"11":{"start":{"line":42,"column":4},"end":{"line":47,"column":6}},"12":{"start":{"line":48,"column":4},"end":{"line":48,"column":80}},"13":{"start":{"line":63,"column":4},"end":{"line":65,"column":5}},"14":{"start":{"line":64,"column":6},"end":{"line":64,"column":71}},"15":{"start":{"line":69,"column":4},"end":{"line":97,"column":5}},"16":{"start":{"line":71,"column":22},"end":{"line":71,"column":64}},"17":{"start":{"line":73,"column":6},"end":{"line":75,"column":8}},"18":{"start":{"line":76,"column":6},"end":{"line":78,"column":8}},"19":{"start":{"line":81,"column":25},"end":{"line":83,"column":51}},"20":{"start":{"line":86,"column":6},"end":{"line":90,"column":8}},"21":{"start":{"line":92,"column":27},"end":{"line":92,"column":79}},"22":{"start":{"line":93,"column":6},"end":{"line":95,"column":8}},"23":{"start":{"line":96,"column":6},"end":{"line":96,"column":65}},"24":{"start":{"line":100,"column":4},"end":{"line":109,"column":7}},"25":{"start":{"line":112,"column":4},"end":{"line":189,"column":5}},"26":{"start":{"line":113,"column":6},"end":{"line":164,"column":7}},"27":{"start":{"line":115,"column":10},"end":{"line":115,"column":54}},"28":{"start":{"line":116,"column":10},"end":{"line":116,"column":16}},"29":{"start":{"line":119,"column":10},"end":{"line":119,"column":54}},"30":{"start":{"line":120,"column":10},"end":{"line":120,"column":16}},"31":{"start":{"line":123,"column":10},"end":{"line":123,"column":54}},"32":{"start":{"line":124,"column":10},"end":{"line":124,"column":16}},"33":{"start":{"line":127,"column":10},"end":{"line":127,"column":41}},"34":{"start":{"line":128,"column":10},"end":{"line":128,"column":16}},"35":{"start":{"line":131,"column":10},"end":{"line":131,"column":58}},"36":{"start":{"line":132,"column":10},"end":{"line":132,"column":16}},"37":{"start":{"line":135,"column":10},"end":{"line":135,"column":55}},"38":{"start":{"line":136,"column":10},"end":{"line":136,"column":16}},"39":{"start":{"line":139,"column":10},"end":{"line":139,"column":57}},"40":{"start":{"line":140,"column":10},"end":{"line":140,"column":16}},"41":{"start":{"line":143,"column":10},"end":{"line":143,"column":54}},"42":{"start":{"line":144,"column":10},"end":{"line":144,"column":16}},"43":{"start":{"line":147,"column":10},"end":{"line":147,"column":56}},"44":{"start":{"line":148,"column":10},"end":{"line":148,"column":16}},"45":{"start":{"line":151,"column":10},"end":{"line":151,"column":56}},"46":{"start":{"line":152,"column":10},"end":{"line":152,"column":16}},"47":{"start":{"line":155,"column":10},"end":{"line":155,"column":43}},"48":{"start":{"line":156,"column":10},"end":{"line":156,"column":16}},"49":{"start":{"line":159,"column":10},"end":{"line":159,"column":42}},"50":{"start":{"line":160,"column":10},"end":{"line":160,"column":16}},"51":{"start":{"line":163,"column":10},"end":{"line":163,"column":65}},"52":{"start":{"line":167,"column":6},"end":{"line":170,"column":9}},"53":{"start":{"line":173,"column":8},"end":{"line":173,"column":64}},"54":{"start":{"line":174,"column":6},"end":{"line":176,"column":8}},"55":{"start":{"line":179,"column":6},"end":{"line":185,"column":9}},"56":{"start":{"line":191,"column":4},"end":{"line":191,"column":30}},"57":{"start":{"line":198,"column":25},"end":{"line":198,"column":65}},"58":{"start":{"line":202,"column":6},"end":{"line":204,"column":35}},"59":{"start":{"line":206,"column":20},"end":{"line":208,"column":6}},"60":{"start":{"line":210,"column":4},"end":{"line":213,"column":5}},"61":{"start":{"line":211,"column":6},"end":{"line":211,"column":68}},"62":{"start":{"line":212,"column":6},"end":{"line":212,"column":13}},"63":{"start":{"line":216,"column":29},"end":{"line":216,"column":null}},"64":{"start":{"line":223,"column":4},"end":{"line":235,"column":7}},"65":{"start":{"line":237,"column":4},"end":{"line":237,"column":71}},"66":{"start":{"line":246,"column":25},"end":{"line":246,"column":65}},"67":{"start":{"line":248,"column":20},"end":{"line":250,"column":6}},"68":{"start":{"line":252,"column":4},"end":{"line":255,"column":5}},"69":{"start":{"line":253,"column":6},"end":{"line":253,"column":72}},"70":{"start":{"line":254,"column":6},"end":{"line":254,"column":13}},"71":{"start":{"line":258,"column":20},"end":{"line":258,"column":63}},"72":{"start":{"line":259,"column":17},"end":{"line":259,"column":49}},"73":{"start":{"line":262,"column":29},"end":{"line":262,"column":null}},"74":{"start":{"line":268,"column":4},"end":{"line":280,"column":7}},"75":{"start":{"line":282,"column":4},"end":{"line":282,"column":71}},"76":{"start":{"line":291,"column":25},"end":{"line":291,"column":65}},"77":{"start":{"line":293,"column":20},"end":{"line":295,"column":6}},"78":{"start":{"line":297,"column":4},"end":{"line":300,"column":5}},"79":{"start":{"line":298,"column":6},"end":{"line":298,"column":72}},"80":{"start":{"line":299,"column":6},"end":{"line":299,"column":13}},"81":{"start":{"line":302,"column":4},"end":{"line":309,"column":7}},"82":{"start":{"line":311,"column":4},"end":{"line":311,"column":73}},"83":{"start":{"line":320,"column":25},"end":{"line":320,"column":65}},"84":{"start":{"line":322,"column":4},"end":{"line":322,"column":77}},"85":{"start":{"line":334,"column":20},"end":{"line":334,"column":55}},"86":{"start":{"line":338,"column":6},"end":{"line":340,"column":30}},"87":{"start":{"line":342,"column":20},"end":{"line":344,"column":6}},"88":{"start":{"line":346,"column":4},"end":{"line":349,"column":5}},"89":{"start":{"line":347,"column":6},"end":{"line":347,"column":68}},"90":{"start":{"line":348,"column":6},"end":{"line":348,"column":13}},"91":{"start":{"line":352,"column":4},"end":{"line":366,"column":7}},"92":{"start":{"line":368,"column":4},"end":{"line":368,"column":68}},"93":{"start":{"line":377,"column":20},"end":{"line":377,"column":55}},"94":{"start":{"line":380,"column":6},"end":{"line":382,"column":30}},"95":{"start":{"line":384,"column":20},"end":{"line":386,"column":6}},"96":{"start":{"line":388,"column":4},"end":{"line":391,"column":5}},"97":{"start":{"line":389,"column":6},"end":{"line":389,"column":68}},"98":{"start":{"line":390,"column":6},"end":{"line":390,"column":13}},"99":{"start":{"line":394,"column":4},"end":{"line":406,"column":7}},"100":{"start":{"line":408,"column":4},"end":{"line":408,"column":65}},"101":{"start":{"line":420,"column":26},"end":{"line":420,"column":67}},"102":{"start":{"line":423,"column":4},"end":{"line":429,"column":7}},"103":{"start":{"line":431,"column":4},"end":{"line":431,"column":69}},"104":{"start":{"line":438,"column":26},"end":{"line":438,"column":67}},"105":{"start":{"line":440,"column":4},"end":{"line":446,"column":7}},"106":{"start":{"line":448,"column":4},"end":{"line":448,"column":66}},"107":{"start":{"line":457,"column":26},"end":{"line":457,"column":67}},"108":{"start":{"line":461,"column":6},"end":{"line":463,"column":36}},"109":{"start":{"line":465,"column":20},"end":{"line":467,"column":6}},"110":{"start":{"line":469,"column":4},"end":{"line":472,"column":5}},"111":{"start":{"line":470,"column":6},"end":{"line":470,"column":68}},"112":{"start":{"line":471,"column":6},"end":{"line":471,"column":13}},"113":{"start":{"line":475,"column":4},"end":{"line":486,"column":7}},"114":{"start":{"line":488,"column":4},"end":{"line":488,"column":74}},"115":{"start":{"line":497,"column":26},"end":{"line":497,"column":67}},"116":{"start":{"line":500,"column":4},"end":{"line":502,"column":7}},"117":{"start":{"line":504,"column":4},"end":{"line":504,"column":68}},"118":{"start":{"line":511,"column":20},"end":{"line":511,"column":55}},"119":{"start":{"line":514,"column":6},"end":{"line":514,"column":78}},"120":{"start":{"line":516,"column":4},"end":{"line":516,"column":78}},"121":{"start":{"line":526,"column":20},"end":{"line":526,"column":55}},"122":{"start":{"line":528,"column":4},"end":{"line":530,"column":6}},"123":{"start":{"line":539,"column":58},"end":{"line":547,"column":6}},"124":{"start":{"line":549,"column":4},"end":{"line":549,"column":65}},"125":{"start":{"line":557,"column":61},"end":{"line":564,"column":6}},"126":{"start":{"line":566,"column":4},"end":{"line":566,"column":64}},"127":{"start":{"line":33,"column":13},"end":{"line":33,"column":30}},"128":{"start":{"line":59,"column":8},"end":{"line":192,"column":null}},"129":{"start":{"line":33,"column":13},"end":{"line":568,"column":null}}},"fnMap":{"0":{"name":"(anonymous_4)","decl":{"start":{"line":38,"column":2},"end":{"line":38,"column":null}},"loc":{"start":{"line":40,"column":49},"end":{"line":49,"column":3}}},"1":{"name":"(anonymous_5)","decl":{"start":{"line":59,"column":2},"end":{"line":59,"column":7}},"loc":{"start":{"line":61,"column":39},"end":{"line":192,"column":3}}},"2":{"name":"(anonymous_6)","decl":{"start":{"line":197,"column":10},"end":{"line":197,"column":15}},"loc":{"start":{"line":197,"column":61},"end":{"line":240,"column":3}}},"3":{"name":"(anonymous_7)","decl":{"start":{"line":245,"column":10},"end":{"line":245,"column":15}},"loc":{"start":{"line":245,"column":61},"end":{"line":285,"column":3}}},"4":{"name":"(anonymous_8)","decl":{"start":{"line":290,"column":10},"end":{"line":290,"column":15}},"loc":{"start":{"line":290,"column":61},"end":{"line":314,"column":3}}},"5":{"name":"(anonymous_9)","decl":{"start":{"line":319,"column":10},"end":{"line":319,"column":28}},"loc":{"start":{"line":319,"column":48},"end":{"line":326,"column":3}}},"6":{"name":"(anonymous_10)","decl":{"start":{"line":331,"column":10},"end":{"line":331,"column":15}},"loc":{"start":{"line":332,"column":23},"end":{"line":371,"column":3}}},"7":{"name":"(anonymous_11)","decl":{"start":{"line":376,"column":10},"end":{"line":376,"column":15}},"loc":{"start":{"line":376,"column":62},"end":{"line":412,"column":3}}},"8":{"name":"(anonymous_12)","decl":{"start":{"line":417,"column":10},"end":{"line":417,"column":15}},"loc":{"start":{"line":418,"column":23},"end":{"line":432,"column":3}}},"9":{"name":"(anonymous_13)","decl":{"start":{"line":437,"column":10},"end":{"line":437,"column":15}},"loc":{"start":{"line":437,"column":61},"end":{"line":449,"column":3}}},"10":{"name":"(anonymous_14)","decl":{"start":{"line":454,"column":10},"end":{"line":454,"column":15}},"loc":{"start":{"line":455,"column":23},"end":{"line":489,"column":3}}},"11":{"name":"(anonymous_15)","decl":{"start":{"line":494,"column":10},"end":{"line":494,"column":15}},"loc":{"start":{"line":495,"column":23},"end":{"line":505,"column":3}}},"12":{"name":"(anonymous_16)","decl":{"start":{"line":510,"column":10},"end":{"line":510,"column":30}},"loc":{"start":{"line":510,"column":50},"end":{"line":520,"column":3}}},"13":{"name":"(anonymous_17)","decl":{"start":{"line":525,"column":10},"end":{"line":525,"column":29}},"loc":{"start":{"line":525,"column":49},"end":{"line":533,"column":3}}},"14":{"name":"(anonymous_18)","decl":{"start":{"line":538,"column":10},"end":{"line":538,"column":25}},"loc":{"start":{"line":538,"column":46},"end":{"line":550,"column":3}}},"15":{"name":"(anonymous_19)","decl":{"start":{"line":555,"column":10},"end":{"line":555,"column":28}},"loc":{"start":{"line":555,"column":44},"end":{"line":567,"column":3}}}},"branchMap":{"0":{"loc":{"start":{"line":43,"column":6},"end":{"line":43,"column":55}},"type":"binary-expr","locations":[{"start":{"line":43,"column":6},"end":{"line":43,"column":49}},{"start":{"line":43,"column":53},"end":{"line":43,"column":55}}]},"1":{"loc":{"start":{"line":48,"column":26},"end":{"line":48,"column":79}},"type":"binary-expr","locations":[{"start":{"line":48,"column":26},"end":{"line":48,"column":73}},{"start":{"line":48,"column":77},"end":{"line":48,"column":79}}]},"2":{"loc":{"start":{"line":63,"column":4},"end":{"line":65,"column":5}},"type":"if","locations":[{"start":{"line":63,"column":4},"end":{"line":65,"column":5}}]},"3":{"loc":{"start":{"line":71,"column":22},"end":{"line":71,"column":64}},"type":"binary-expr","locations":[{"start":{"line":71,"column":22},"end":{"line":71,"column":33}},{"start":{"line":71,"column":37},"end":{"line":71,"column":45}},{"start":{"line":71,"column":49},"end":{"line":71,"column":64}}]},"4":{"loc":{"start":{"line":77,"column":53},"end":{"line":77,"column":106}},"type":"cond-expr","locations":[{"start":{"line":77,"column":80},"end":{"line":77,"column":94}},{"start":{"line":77,"column":97},"end":{"line":77,"column":106}}]},"5":{"loc":{"start":{"line":81,"column":25},"end":{"line":83,"column":51}},"type":"cond-expr","locations":[{"start":{"line":82,"column":10},"end":{"line":82,"column":17}},{"start":{"line":83,"column":10},"end":{"line":83,"column":51}}]},"6":{"loc":{"start":{"line":92,"column":27},"end":{"line":92,"column":79}},"type":"cond-expr","locations":[{"start":{"line":92,"column":50},"end":{"line":92,"column":61}},{"start":{"line":92,"column":64},"end":{"line":92,"column":79}}]},"7":{"loc":{"start":{"line":113,"column":6},"end":{"line":164,"column":7}},"type":"switch","locations":[{"start":{"line":114,"column":8},"end":{"line":116,"column":16}},{"start":{"line":118,"column":8},"end":{"line":120,"column":16}},{"start":{"line":122,"column":8},"end":{"line":124,"column":16}},{"start":{"line":126,"column":8},"end":{"line":128,"column":16}},{"start":{"line":130,"column":8},"end":{"line":132,"column":16}},{"start":{"line":134,"column":8},"end":{"line":136,"column":16}},{"start":{"line":138,"column":8},"end":{"line":140,"column":16}},{"start":{"line":142,"column":8},"end":{"line":144,"column":16}},{"start":{"line":146,"column":8},"end":{"line":148,"column":16}},{"start":{"line":150,"column":8},"end":{"line":152,"column":16}},{"start":{"line":154,"column":8},"end":{"line":156,"column":16}},{"start":{"line":158,"column":8},"end":{"line":160,"column":16}},{"start":{"line":162,"column":8},"end":{"line":163,"column":65}}]},"8":{"loc":{"start":{"line":173,"column":8},"end":{"line":173,"column":64}},"type":"cond-expr","locations":[{"start":{"line":173,"column":33},"end":{"line":173,"column":46}},{"start":{"line":173,"column":49},"end":{"line":173,"column":64}}]},"9":{"loc":{"start":{"line":202,"column":6},"end":{"line":204,"column":35}},"type":"cond-expr","locations":[{"start":{"line":203,"column":10},"end":{"line":203,"column":31}},{"start":{"line":204,"column":10},"end":{"line":204,"column":35}}]},"10":{"loc":{"start":{"line":210,"column":4},"end":{"line":213,"column":5}},"type":"if","locations":[{"start":{"line":210,"column":4},"end":{"line":213,"column":5}}]},"11":{"loc":{"start":{"line":252,"column":4},"end":{"line":255,"column":5}},"type":"if","locations":[{"start":{"line":252,"column":4},"end":{"line":255,"column":5}}]},"12":{"loc":{"start":{"line":258,"column":20},"end":{"line":258,"column":63}},"type":"binary-expr","locations":[{"start":{"line":258,"column":20},"end":{"line":258,"column":57}},{"start":{"line":258,"column":61},"end":{"line":258,"column":63}}]},"13":{"loc":{"start":{"line":297,"column":4},"end":{"line":300,"column":5}},"type":"if","locations":[{"start":{"line":297,"column":4},"end":{"line":300,"column":5}}]},"14":{"loc":{"start":{"line":338,"column":6},"end":{"line":340,"column":30}},"type":"cond-expr","locations":[{"start":{"line":339,"column":10},"end":{"line":339,"column":26}},{"start":{"line":340,"column":10},"end":{"line":340,"column":30}}]},"15":{"loc":{"start":{"line":346,"column":4},"end":{"line":349,"column":5}},"type":"if","locations":[{"start":{"line":346,"column":4},"end":{"line":349,"column":5}}]},"16":{"loc":{"start":{"line":357,"column":16},"end":{"line":357,"column":40}},"type":"binary-expr","locations":[{"start":{"line":357,"column":16},"end":{"line":357,"column":35}},{"start":{"line":357,"column":39},"end":{"line":357,"column":40}}]},"17":{"loc":{"start":{"line":358,"column":18},"end":{"line":358,"column":43}},"type":"binary-expr","locations":[{"start":{"line":358,"column":18},"end":{"line":358,"column":34}},{"start":{"line":358,"column":38},"end":{"line":358,"column":43}}]},"18":{"loc":{"start":{"line":360,"column":21},"end":{"line":360,"column":66}},"type":"binary-expr","locations":[{"start":{"line":360,"column":21},"end":{"line":360,"column":40}},{"start":{"line":360,"column":44},"end":{"line":360,"column":66}}]},"19":{"loc":{"start":{"line":361,"column":31},"end":{"line":361,"column":56}},"type":"binary-expr","locations":[{"start":{"line":361,"column":31},"end":{"line":361,"column":51}},{"start":{"line":361,"column":55},"end":{"line":361,"column":56}}]},"20":{"loc":{"start":{"line":362,"column":29},"end":{"line":362,"column":52}},"type":"binary-expr","locations":[{"start":{"line":362,"column":29},"end":{"line":362,"column":47}},{"start":{"line":362,"column":51},"end":{"line":362,"column":52}}]},"21":{"loc":{"start":{"line":363,"column":20},"end":{"line":363,"column":59}},"type":"binary-expr","locations":[{"start":{"line":363,"column":20},"end":{"line":363,"column":46}},{"start":{"line":363,"column":50},"end":{"line":363,"column":59}}]},"22":{"loc":{"start":{"line":364,"column":16},"end":{"line":364,"column":48}},"type":"binary-expr","locations":[{"start":{"line":364,"column":16},"end":{"line":364,"column":35}},{"start":{"line":364,"column":39},"end":{"line":364,"column":48}}]},"23":{"loc":{"start":{"line":380,"column":6},"end":{"line":382,"column":30}},"type":"cond-expr","locations":[{"start":{"line":381,"column":10},"end":{"line":381,"column":26}},{"start":{"line":382,"column":10},"end":{"line":382,"column":30}}]},"24":{"loc":{"start":{"line":388,"column":4},"end":{"line":391,"column":5}},"type":"if","locations":[{"start":{"line":388,"column":4},"end":{"line":391,"column":5}}]},"25":{"loc":{"start":{"line":399,"column":16},"end":{"line":399,"column":39}},"type":"binary-expr","locations":[{"start":{"line":399,"column":16},"end":{"line":399,"column":34}},{"start":{"line":399,"column":38},"end":{"line":399,"column":39}}]},"26":{"loc":{"start":{"line":400,"column":18},"end":{"line":400,"column":43}},"type":"binary-expr","locations":[{"start":{"line":400,"column":18},"end":{"line":400,"column":34}},{"start":{"line":400,"column":38},"end":{"line":400,"column":43}}]},"27":{"loc":{"start":{"line":402,"column":41},"end":{"line":402,"column":86}},"type":"binary-expr","locations":[{"start":{"line":402,"column":41},"end":{"line":402,"column":60}},{"start":{"line":402,"column":64},"end":{"line":402,"column":86}}]},"28":{"loc":{"start":{"line":403,"column":31},"end":{"line":403,"column":56}},"type":"binary-expr","locations":[{"start":{"line":403,"column":31},"end":{"line":403,"column":51}},{"start":{"line":403,"column":55},"end":{"line":403,"column":56}}]},"29":{"loc":{"start":{"line":404,"column":29},"end":{"line":404,"column":52}},"type":"binary-expr","locations":[{"start":{"line":404,"column":29},"end":{"line":404,"column":47}},{"start":{"line":404,"column":51},"end":{"line":404,"column":52}}]},"30":{"loc":{"start":{"line":461,"column":6},"end":{"line":463,"column":36}},"type":"cond-expr","locations":[{"start":{"line":462,"column":10},"end":{"line":462,"column":32}},{"start":{"line":463,"column":10},"end":{"line":463,"column":36}}]},"31":{"loc":{"start":{"line":469,"column":4},"end":{"line":472,"column":5}},"type":"if","locations":[{"start":{"line":469,"column":4},"end":{"line":472,"column":5}}]},"32":{"loc":{"start":{"line":480,"column":15},"end":{"line":480,"column":53}},"type":"binary-expr","locations":[{"start":{"line":480,"column":15},"end":{"line":480,"column":40}},{"start":{"line":480,"column":44},"end":{"line":480,"column":53}}]},"33":{"loc":{"start":{"line":481,"column":15},"end":{"line":481,"column":53}},"type":"binary-expr","locations":[{"start":{"line":481,"column":15},"end":{"line":481,"column":40}},{"start":{"line":481,"column":44},"end":{"line":481,"column":53}}]},"34":{"loc":{"start":{"line":482,"column":21},"end":{"line":482,"column":63}},"type":"binary-expr","locations":[{"start":{"line":482,"column":21},"end":{"line":482,"column":50}},{"start":{"line":482,"column":54},"end":{"line":482,"column":63}}]},"35":{"loc":{"start":{"line":483,"column":20},"end":{"line":483,"column":61}},"type":"binary-expr","locations":[{"start":{"line":483,"column":20},"end":{"line":483,"column":48}},{"start":{"line":483,"column":52},"end":{"line":483,"column":61}}]},"36":{"loc":{"start":{"line":514,"column":6},"end":{"line":514,"column":78}},"type":"cond-expr","locations":[{"start":{"line":514,"column":43},"end":{"line":514,"column":57}},{"start":{"line":514,"column":60},"end":{"line":514,"column":78}}]},"37":{"loc":{"start":{"line":549,"column":11},"end":{"line":549,"column":64}},"type":"binary-expr","locations":[{"start":{"line":549,"column":11},"end":{"line":549,"column":34}},{"start":{"line":549,"column":38},"end":{"line":549,"column":64}}]},"38":{"loc":{"start":{"line":566,"column":11},"end":{"line":566,"column":63}},"type":"binary-expr","locations":[{"start":{"line":566,"column":11},"end":{"line":566,"column":34}},{"start":{"line":566,"column":38},"end":{"line":566,"column":63}}]}},"s":{"0":1,"1":1,"2":1,"3":1,"4":1,"5":1,"6":1,"7":1,"8":54,"9":54,"10":54,"11":54,"12":54,"13":56,"14":2,"15":54,"16":54,"17":54,"18":54,"19":54,"20":54,"21":2,"22":2,"23":2,"24":52,"25":52,"26":52,"27":13,"28":12,"29":12,"30":12,"31":2,"32":2,"33":3,"34":3,"35":5,"36":5,"37":6,"38":6,"39":1,"40":1,"41":1,"42":1,"43":4,"44":4,"45":1,"46":1,"47":2,"48":2,"49":1,"50":1,"51":1,"52":51,"53":1,"54":1,"55":1,"56":52,"57":13,"58":13,"59":13,"60":12,"61":5,"62":5,"63":7,"64":7,"65":7,"66":12,"67":12,"68":12,"69":1,"70":1,"71":11,"72":11,"73":11,"74":11,"75":11,"76":2,"77":2,"78":2,"79":1,"80":1,"81":1,"82":1,"83":3,"84":3,"85":5,"86":5,"87":5,"88":5,"89":1,"90":1,"91":4,"92":4,"93":6,"94":6,"95":6,"96":6,"97":1,"98":1,"99":5,"100":5,"101":1,"102":1,"103":1,"104":1,"105":1,"106":1,"107":4,"108":4,"109":4,"110":4,"111":1,"112":1,"113":3,"114":3,"115":1,"116":1,"117":1,"118":2,"119":2,"120":2,"121":1,"122":1,"123":18,"124":18,"125":11,"126":11,"127":1,"128":1,"129":1},"f":{"0":54,"1":56,"2":13,"3":12,"4":2,"5":3,"6":5,"7":6,"8":1,"9":1,"10":4,"11":1,"12":2,"13":1,"14":18,"15":11},"b":{"0":[54,0],"1":[54,0],"2":[2],"3":[54,1,0],"4":[53,1],"5":[53,1],"6":[2,0],"7":[13,12,2,3,5,6,1,1,4,1,2,1,1],"8":[1,0],"9":[12,1],"10":[5],"11":[1],"12":[11,1],"13":[1],"14":[4,1],"15":[1],"16":[4,1],"17":[4,1],"18":[4,1],"19":[4,1],"20":[4,1],"21":[4,1],"22":[4,1],"23":[5,1],"24":[1],"25":[5,1],"26":[5,1],"27":[5,1],"28":[5,1],"29":[5,1],"30":[3,1],"31":[1],"32":[3,1],"33":[3,1],"34":[3,1],"35":[3,1],"36":[1,1],"37":[18,1],"38":[11,2]}}
,"/root/projects/btd-app/btd-payment-service/src/grpc/grpc.module.ts": {"path":"/root/projects/btd-app/btd-payment-service/src/grpc/grpc.module.ts","statementMap":{"0":{"start":{"line":5,"column":0},"end":{"line":5,"column":48}},"1":{"start":{"line":6,"column":0},"end":{"line":6,"column":66}},"2":{"start":{"line":7,"column":0},"end":{"line":7,"column":55}},"3":{"start":{"line":8,"column":0},"end":{"line":8,"column":71}},"4":{"start":{"line":9,"column":0},"end":{"line":9,"column":59}},"5":{"start":{"line":10,"column":0},"end":{"line":10,"column":55}},"6":{"start":{"line":19,"column":7},"end":{"line":19,"column":null}},"7":{"start":{"line":19,"column":13},"end":{"line":19,"column":23}},"8":{"start":{"line":19,"column":13},"end":{"line":19,"column":null}}},"fnMap":{},"branchMap":{},"s":{"0":0,"1":0,"2":0,"3":0,"4":0,"5":0,"6":0,"7":0,"8":0},"f":{},"b":{}}
,"/root/projects/btd-app/btd-payment-service/src/grpc/health.controller.ts": {"path":"/root/projects/btd-app/btd-payment-service/src/grpc/health.controller.ts","statementMap":{"0":{"start":{"line":1,"column":0},"end":{"line":1,"column":44}},"1":{"start":{"line":2,"column":0},"end":{"line":2,"column":69}},"2":{"start":{"line":3,"column":0},"end":{"line":3,"column":43}},"3":{"start":{"line":5,"column":0},"end":{"line":5,"column":null}},"4":{"start":{"line":6,"column":2},"end":{"line":6,"column":null}},"5":{"start":{"line":7,"column":2},"end":{"line":7,"column":null}},"6":{"start":{"line":8,"column":2},"end":{"line":8,"column":null}},"7":{"start":{"line":9,"column":2},"end":{"line":9,"column":null}},"8":{"start":{"line":25,"column":7},"end":{"line":84,"column":null}},"9":{"start":{"line":26,"column":19},"end":{"line":26,"column":68}},"10":{"start":{"line":30,"column":4},"end":{"line":30,"column":54}},"11":{"start":{"line":31,"column":4},"end":{"line":31,"column":73}},"12":{"start":{"line":39,"column":20},"end":{"line":39,"column":38}},"13":{"start":{"line":40,"column":19},"end":{"line":40,"column":50}},"14":{"start":{"line":42,"column":4},"end":{"line":44,"column":5}},"15":{"start":{"line":43,"column":6},"end":{"line":43,"column":55}},"16":{"start":{"line":46,"column":4},"end":{"line":46,"column":22}},"17":{"start":{"line":56,"column":20},"end":{"line":56,"column":54}},"18":{"start":{"line":58,"column":19},"end":{"line":67,"column":5}},"19":{"start":{"line":59,"column":22},"end":{"line":59,"column":43}},"20":{"start":{"line":60,"column":21},"end":{"line":60,"column":52}},"21":{"start":{"line":62,"column":6},"end":{"line":66,"column":7}},"22":{"start":{"line":63,"column":8},"end":{"line":63,"column":64}},"23":{"start":{"line":65,"column":8},"end":{"line":65,"column":33}},"24":{"start":{"line":69,"column":23},"end":{"line":69,"column":47}},"25":{"start":{"line":69,"column":29},"end":{"line":69,"column":47}},"26":{"start":{"line":70,"column":4},"end":{"line":73,"column":7}},"27":{"start":{"line":75,"column":4},"end":{"line":75,"column":34}},"28":{"start":{"line":82,"column":4},"end":{"line":82,"column":44}},"29":{"start":{"line":25,"column":13},"end":{"line":25,"column":29}},"30":{"start":{"line":38,"column":2},"end":{"line":47,"column":null}},"31":{"start":{"line":53,"column":2},"end":{"line":76,"column":null}},"32":{"start":{"line":25,"column":13},"end":{"line":84,"column":null}}},"fnMap":{"0":{"name":"(anonymous_2)","decl":{"start":{"line":5,"column":0},"end":{"line":5,"column":5}},"loc":{"start":{"line":5,"column":18},"end":{"line":10,"column":1}}},"1":{"name":"(anonymous_3)","decl":{"start":{"line":28,"column":2},"end":{"line":28,"column":null}},"loc":{"start":{"line":28,"column":2},"end":{"line":32,"column":3}}},"2":{"name":"(anonymous_4)","decl":{"start":{"line":38,"column":2},"end":{"line":38,"column":7}},"loc":{"start":{"line":38,"column":32},"end":{"line":47,"column":3}}},"3":{"name":"(anonymous_5)","decl":{"start":{"line":53,"column":2},"end":{"line":53,"column":7}},"loc":{"start":{"line":54,"column":41},"end":{"line":76,"column":3}}},"4":{"name":"(anonymous_6)","decl":{"start":{"line":58,"column":19},"end":{"line":58,"column":20}},"loc":{"start":{"line":58,"column":51},"end":{"line":67,"column":5}}},"5":{"name":"(anonymous_7)","decl":{"start":{"line":69,"column":23},"end":{"line":69,"column":26}},"loc":{"start":{"line":69,"column":29},"end":{"line":69,"column":47}}},"6":{"name":"(anonymous_8)","decl":{"start":{"line":81,"column":2},"end":{"line":81,"column":18}},"loc":{"start":{"line":81,"column":57},"end":{"line":83,"column":3}}}},"branchMap":{"0":{"loc":{"start":{"line":5,"column":5},"end":{"line":5,"column":null}},"type":"binary-expr","locations":[{"start":{"line":5,"column":5},"end":{"line":5,"column":18}},{"start":{"line":5,"column":5},"end":{"line":5,"column":null}}]},"1":{"loc":{"start":{"line":39,"column":20},"end":{"line":39,"column":38}},"type":"binary-expr","locations":[{"start":{"line":39,"column":20},"end":{"line":39,"column":32}},{"start":{"line":39,"column":36},"end":{"line":39,"column":38}}]},"2":{"loc":{"start":{"line":42,"column":4},"end":{"line":44,"column":5}},"type":"if","locations":[{"start":{"line":42,"column":4},"end":{"line":44,"column":5}}]},"3":{"loc":{"start":{"line":59,"column":22},"end":{"line":59,"column":43}},"type":"binary-expr","locations":[{"start":{"line":59,"column":22},"end":{"line":59,"column":37}},{"start":{"line":59,"column":41},"end":{"line":59,"column":43}}]},"4":{"loc":{"start":{"line":62,"column":6},"end":{"line":66,"column":7}},"type":"if","locations":[{"start":{"line":62,"column":6},"end":{"line":66,"column":7}},{"start":{"line":64,"column":13},"end":{"line":66,"column":7}}]}},"s":{"0":1,"1":1,"2":1,"3":1,"4":1,"5":1,"6":1,"7":1,"8":1,"9":43,"10":43,"11":43,"12":36,"13":36,"14":36,"15":4,"16":32,"17":17,"18":17,"19":34,"20":34,"21":34,"22":7,"23":27,"24":17,"25":17,"26":17,"27":17,"28":26,"29":1,"30":1,"31":1,"32":1},"f":{"0":1,"1":43,"2":36,"3":17,"4":34,"5":17,"6":26},"b":{"0":[1,1],"1":[36,12],"2":[4],"3":[34,18],"4":[7,27]}}
,"/root/projects/btd-app/btd-payment-service/src/grpc/payment-grpc.controller.ts": {"path":"/root/projects/btd-app/btd-payment-service/src/grpc/payment-grpc.controller.ts","statementMap":{"0":{"start":{"line":5,"column":0},"end":{"line":5,"column":52}},"1":{"start":{"line":6,"column":0},"end":{"line":6,"column":69}},"2":{"start":{"line":7,"column":0},"end":{"line":7,"column":43}},"3":{"start":{"line":10,"column":0},"end":{"line":10,"column":71}},"4":{"start":{"line":11,"column":0},"end":{"line":11,"column":59}},"5":{"start":{"line":12,"column":0},"end":{"line":12,"column":57}},"6":{"start":{"line":379,"column":34},"end":{"line":1443,"column":null}},"7":{"start":{"line":385,"column":21},"end":{"line":385,"column":42}},"8":{"start":{"line":386,"column":21},"end":{"line":386,"column":36}},"9":{"start":{"line":387,"column":21},"end":{"line":387,"column":29}},"10":{"start":{"line":380,"column":19},"end":{"line":380,"column":67}},"11":{"start":{"line":381,"column":19},"end":{"line":381,"column":61}},"12":{"start":{"line":382,"column":10},"end":{"line":382,"column":28}},"13":{"start":{"line":397,"column":4},"end":{"line":399,"column":6}},"14":{"start":{"line":401,"column":4},"end":{"line":459,"column":5}},"15":{"start":{"line":404,"column":24},"end":{"line":404,"column":75}},"16":{"start":{"line":405,"column":23},"end":{"line":405,"column":49}},"17":{"start":{"line":408,"column":6},"end":{"line":412,"column":8}},"18":{"start":{"line":415,"column":21},"end":{"line":418,"column":null}},"19":{"start":{"line":422,"column":29},"end":{"line":424,"column":8}},"20":{"start":{"line":426,"column":41},"end":{"line":441,"column":8}},"21":{"start":{"line":444,"column":6},"end":{"line":447,"column":9}},"22":{"start":{"line":449,"column":6},"end":{"line":453,"column":8}},"23":{"start":{"line":456,"column":8},"end":{"line":456,"column":64}},"24":{"start":{"line":457,"column":6},"end":{"line":457,"column":74}},"25":{"start":{"line":458,"column":6},"end":{"line":458,"column":18}},"26":{"start":{"line":469,"column":4},"end":{"line":469,"column":77}},"27":{"start":{"line":471,"column":4},"end":{"line":514,"column":5}},"28":{"start":{"line":473,"column":6},"end":{"line":477,"column":8}},"29":{"start":{"line":480,"column":29},"end":{"line":482,"column":8}},"30":{"start":{"line":484,"column":6},"end":{"line":486,"column":7}},"31":{"start":{"line":485,"column":8},"end":{"line":485,"column":50}},"32":{"start":{"line":488,"column":41},"end":{"line":503,"column":8}},"33":{"start":{"line":505,"column":6},"end":{"line":508,"column":8}},"34":{"start":{"line":511,"column":8},"end":{"line":511,"column":64}},"35":{"start":{"line":512,"column":6},"end":{"line":512,"column":74}},"36":{"start":{"line":513,"column":6},"end":{"line":513,"column":18}},"37":{"start":{"line":524,"column":4},"end":{"line":526,"column":6}},"38":{"start":{"line":528,"column":4},"end":{"line":562,"column":5}},"39":{"start":{"line":530,"column":6},"end":{"line":533,"column":8}},"40":{"start":{"line":536,"column":29},"end":{"line":538,"column":8}},"41":{"start":{"line":540,"column":18},"end":{"line":540,"column":42}},"42":{"start":{"line":541,"column":21},"end":{"line":544,"column":71}},"43":{"start":{"line":547,"column":6},"end":{"line":550,"column":9}},"44":{"start":{"line":552,"column":6},"end":{"line":556,"column":8}},"45":{"start":{"line":559,"column":8},"end":{"line":559,"column":64}},"46":{"start":{"line":560,"column":6},"end":{"line":560,"column":74}},"47":{"start":{"line":561,"column":6},"end":{"line":561,"column":18}},"48":{"start":{"line":572,"column":4},"end":{"line":572,"column":76}},"49":{"start":{"line":574,"column":4},"end":{"line":615,"column":5}},"50":{"start":{"line":576,"column":29},"end":{"line":578,"column":8}},"51":{"start":{"line":580,"column":6},"end":{"line":582,"column":7}},"52":{"start":{"line":581,"column":8},"end":{"line":581,"column":50}},"53":{"start":{"line":585,"column":23},"end":{"line":586,"column":null}},"54":{"start":{"line":589,"column":41},"end":{"line":607,"column":8}},"55":{"start":{"line":609,"column":6},"end":{"line":609,"column":30}},"56":{"start":{"line":612,"column":8},"end":{"line":612,"column":64}},"57":{"start":{"line":613,"column":6},"end":{"line":613,"column":71}},"58":{"start":{"line":614,"column":6},"end":{"line":614,"column":18}},"59":{"start":{"line":625,"column":4},"end":{"line":627,"column":6}},"60":{"start":{"line":629,"column":4},"end":{"line":686,"column":5}},"61":{"start":{"line":631,"column":28},"end":{"line":635,"column":null}},"62":{"start":{"line":639,"column":28},"end":{"line":649,"column":8}},"63":{"start":{"line":651,"column":31},"end":{"line":661,"column":8}},"64":{"start":{"line":664,"column":6},"end":{"line":668,"column":9}},"65":{"start":{"line":670,"column":6},"end":{"line":675,"column":8}},"66":{"start":{"line":678,"column":8},"end":{"line":678,"column":64}},"67":{"start":{"line":679,"column":6},"end":{"line":679,"column":70}},"68":{"start":{"line":680,"column":6},"end":{"line":685,"column":8}},"69":{"start":{"line":696,"column":4},"end":{"line":696,"column":78}},"70":{"start":{"line":698,"column":4},"end":{"line":763,"column":5}},"71":{"start":{"line":700,"column":26},"end":{"line":701,"column":null}},"72":{"start":{"line":705,"column":6},"end":{"line":742,"column":7}},"73":{"start":{"line":707,"column":8},"end":{"line":712,"column":9}},"74":{"start":{"line":708,"column":10},"end":{"line":711,"column":12}},"75":{"start":{"line":715,"column":32},"end":{"line":717,"column":10}},"76":{"start":{"line":719,"column":8},"end":{"line":741,"column":9}},"77":{"start":{"line":720,"column":47},"end":{"line":734,"column":12}},"78":{"start":{"line":736,"column":10},"end":{"line":740,"column":12}},"79":{"start":{"line":745,"column":6},"end":{"line":753,"column":8}},"80":{"start":{"line":756,"column":8},"end":{"line":756,"column":64}},"81":{"start":{"line":757,"column":6},"end":{"line":757,"column":73}},"82":{"start":{"line":758,"column":6},"end":{"line":762,"column":8}},"83":{"start":{"line":773,"column":4},"end":{"line":773,"column":80}},"84":{"start":{"line":775,"column":4},"end":{"line":809,"column":5}},"85":{"start":{"line":777,"column":31},"end":{"line":778,"column":null}},"86":{"start":{"line":782,"column":46},"end":{"line":796,"column":9}},"87":{"start":{"line":782,"column":76},"end":{"line":796,"column":8}},"88":{"start":{"line":798,"column":28},"end":{"line":798,"column":69}},"89":{"start":{"line":798,"column":56},"end":{"line":798,"column":68}},"90":{"start":{"line":800,"column":6},"end":{"line":803,"column":8}},"91":{"start":{"line":806,"column":8},"end":{"line":806,"column":64}},"92":{"start":{"line":807,"column":6},"end":{"line":807,"column":74}},"93":{"start":{"line":808,"column":6},"end":{"line":808,"column":18}},"94":{"start":{"line":817,"column":4},"end":{"line":819,"column":6}},"95":{"start":{"line":821,"column":4},"end":{"line":862,"column":5}},"96":{"start":{"line":823,"column":26},"end":{"line":823,"column":64}},"97":{"start":{"line":826,"column":35},"end":{"line":851,"column":8}},"98":{"start":{"line":827,"column":25},"end":{"line":828,"column":null}},"99":{"start":{"line":831,"column":8},"end":{"line":850,"column":10}},"100":{"start":{"line":853,"column":6},"end":{"line":856,"column":8}},"101":{"start":{"line":859,"column":8},"end":{"line":859,"column":64}},"102":{"start":{"line":860,"column":6},"end":{"line":860,"column":72}},"103":{"start":{"line":861,"column":6},"end":{"line":861,"column":18}},"104":{"start":{"line":870,"column":4},"end":{"line":870,"column":73}},"105":{"start":{"line":872,"column":4},"end":{"line":915,"column":5}},"106":{"start":{"line":874,"column":29},"end":{"line":875,"column":null}},"107":{"start":{"line":879,"column":34},"end":{"line":903,"column":8}},"108":{"start":{"line":881,"column":30},"end":{"line":881,"column":49}},"109":{"start":{"line":882,"column":32},"end":{"line":882,"column":51}},"110":{"start":{"line":884,"column":8},"end":{"line":902,"column":10}},"111":{"start":{"line":905,"column":20},"end":{"line":905,"column":37}},"112":{"start":{"line":906,"column":6},"end":{"line":909,"column":8}},"113":{"start":{"line":912,"column":8},"end":{"line":912,"column":64}},"114":{"start":{"line":913,"column":6},"end":{"line":913,"column":67}},"115":{"start":{"line":914,"column":6},"end":{"line":914,"column":18}},"116":{"start":{"line":925,"column":4},"end":{"line":925,"column":77}},"117":{"start":{"line":927,"column":4},"end":{"line":991,"column":5}},"118":{"start":{"line":929,"column":22},"end":{"line":929,"column":27}},"119":{"start":{"line":930,"column":20},"end":{"line":930,"column":22}},"120":{"start":{"line":932,"column":6},"end":{"line":975,"column":7}},"121":{"start":{"line":935,"column":10},"end":{"line":944,"column":11}},"122":{"start":{"line":936,"column":12},"end":{"line":939,"column":15}},"123":{"start":{"line":940,"column":12},"end":{"line":943,"column":15}},"124":{"start":{"line":945,"column":10},"end":{"line":945,"column":27}},"125":{"start":{"line":946,"column":10},"end":{"line":946,"column":47}},"126":{"start":{"line":947,"column":10},"end":{"line":947,"column":16}},"127":{"start":{"line":950,"column":10},"end":{"line":959,"column":11}},"128":{"start":{"line":951,"column":12},"end":{"line":954,"column":15}},"129":{"start":{"line":955,"column":12},"end":{"line":958,"column":15}},"130":{"start":{"line":960,"column":10},"end":{"line":960,"column":27}},"131":{"start":{"line":961,"column":10},"end":{"line":961,"column":44}},"132":{"start":{"line":962,"column":10},"end":{"line":962,"column":16}},"133":{"start":{"line":967,"column":10},"end":{"line":967,"column":27}},"134":{"start":{"line":968,"column":10},"end":{"line":968,"column":53}},"135":{"start":{"line":969,"column":10},"end":{"line":969,"column":16}},"136":{"start":{"line":972,"column":10},"end":{"line":972,"column":78}},"137":{"start":{"line":973,"column":10},"end":{"line":973,"column":27}},"138":{"start":{"line":974,"column":10},"end":{"line":974,"column":79}},"139":{"start":{"line":977,"column":6},"end":{"line":981,"column":8}},"140":{"start":{"line":984,"column":8},"end":{"line":984,"column":64}},"141":{"start":{"line":985,"column":6},"end":{"line":985,"column":70}},"142":{"start":{"line":986,"column":6},"end":{"line":990,"column":8}},"143":{"start":{"line":999,"column":4},"end":{"line":999,"column":63}},"144":{"start":{"line":1001,"column":47},"end":{"line":1004,"column":6}},"145":{"start":{"line":1006,"column":4},"end":{"line":1013,"column":5}},"146":{"start":{"line":1007,"column":6},"end":{"line":1012,"column":8}},"147":{"start":{"line":1015,"column":4},"end":{"line":1029,"column":5}},"148":{"start":{"line":1016,"column":6},"end":{"line":1028,"column":8}},"149":{"start":{"line":1031,"column":4},"end":{"line":1031,"column":20}},"150":{"start":{"line":1041,"column":4},"end":{"line":1043,"column":6}},"151":{"start":{"line":1045,"column":4},"end":{"line":1079,"column":7}},"152":{"start":{"line":1046,"column":27},"end":{"line":1064,"column":8}},"153":{"start":{"line":1049,"column":10},"end":{"line":1051,"column":11}},"154":{"start":{"line":1050,"column":12},"end":{"line":1050,"column":19}},"155":{"start":{"line":1054,"column":10},"end":{"line":1058,"column":11}},"156":{"start":{"line":1055,"column":12},"end":{"line":1057,"column":13}},"157":{"start":{"line":1056,"column":14},"end":{"line":1056,"column":21}},"158":{"start":{"line":1060,"column":10},"end":{"line":1060,"column":31}},"159":{"start":{"line":1062,"column":31},"end":{"line":1062,"column":50}},"160":{"start":{"line":1063,"column":24},"end":{"line":1063,"column":43}},"161":{"start":{"line":1067,"column":6},"end":{"line":1070,"column":9}},"162":{"start":{"line":1073,"column":6},"end":{"line":1078,"column":8}},"163":{"start":{"line":1074,"column":8},"end":{"line":1074,"column":35}},"164":{"start":{"line":1075,"column":8},"end":{"line":1077,"column":10}},"165":{"start":{"line":1090,"column":32},"end":{"line":1097,"column":6}},"166":{"start":{"line":1099,"column":4},"end":{"line":1099,"column":33}},"167":{"start":{"line":1106,"column":53},"end":{"line":1122,"column":6}},"168":{"start":{"line":1124,"column":4},"end":{"line":1124,"column":64}},"169":{"start":{"line":1131,"column":48},"end":{"line":1135,"column":6}},"170":{"start":{"line":1137,"column":4},"end":{"line":1137,"column":34}},"171":{"start":{"line":1148,"column":28},"end":{"line":1148,"column":30}},"172":{"start":{"line":1150,"column":4},"end":{"line":1150,"column":63}},"173":{"start":{"line":1150,"column":33},"end":{"line":1150,"column":63}},"174":{"start":{"line":1151,"column":4},"end":{"line":1151,"column":65}},"175":{"start":{"line":1151,"column":33},"end":{"line":1151,"column":65}},"176":{"start":{"line":1152,"column":4},"end":{"line":1152,"column":65}},"177":{"start":{"line":1152,"column":34},"end":{"line":1152,"column":65}},"178":{"start":{"line":1153,"column":4},"end":{"line":1153,"column":62}},"179":{"start":{"line":1153,"column":36},"end":{"line":1153,"column":62}},"180":{"start":{"line":1154,"column":4},"end":{"line":1154,"column":62}},"181":{"start":{"line":1154,"column":36},"end":{"line":1154,"column":62}},"182":{"start":{"line":1155,"column":4},"end":{"line":1155,"column":61}},"183":{"start":{"line":1155,"column":32},"end":{"line":1155,"column":61}},"184":{"start":{"line":1156,"column":4},"end":{"line":1156,"column":61}},"185":{"start":{"line":1156,"column":32},"end":{"line":1156,"column":61}},"186":{"start":{"line":1157,"column":4},"end":{"line":1157,"column":55}},"187":{"start":{"line":1157,"column":29},"end":{"line":1157,"column":55}},"188":{"start":{"line":1158,"column":4},"end":{"line":1158,"column":61}},"189":{"start":{"line":1158,"column":32},"end":{"line":1158,"column":61}},"190":{"start":{"line":1159,"column":4},"end":{"line":1164,"column":5}},"191":{"start":{"line":1163,"column":6},"end":{"line":1163,"column":37}},"192":{"start":{"line":1166,"column":4},"end":{"line":1166,"column":17}},"193":{"start":{"line":1177,"column":34},"end":{"line":1177,"column":36}},"194":{"start":{"line":1179,"column":4},"end":{"line":1183,"column":5}},"195":{"start":{"line":1180,"column":6},"end":{"line":1180,"column":42}},"196":{"start":{"line":1182,"column":6},"end":{"line":1182,"column":63}},"197":{"start":{"line":1185,"column":4},"end":{"line":1185,"column":71}},"198":{"start":{"line":1185,"column":33},"end":{"line":1185,"column":71}},"199":{"start":{"line":1186,"column":4},"end":{"line":1186,"column":68}},"200":{"start":{"line":1186,"column":36},"end":{"line":1186,"column":68}},"201":{"start":{"line":1187,"column":4},"end":{"line":1187,"column":68}},"202":{"start":{"line":1187,"column":36},"end":{"line":1187,"column":68}},"203":{"start":{"line":1188,"column":4},"end":{"line":1188,"column":67}},"204":{"start":{"line":1188,"column":32},"end":{"line":1188,"column":67}},"205":{"start":{"line":1189,"column":4},"end":{"line":1189,"column":67}},"206":{"start":{"line":1189,"column":32},"end":{"line":1189,"column":67}},"207":{"start":{"line":1190,"column":4},"end":{"line":1190,"column":71}},"208":{"start":{"line":1190,"column":34},"end":{"line":1190,"column":71}},"209":{"start":{"line":1191,"column":4},"end":{"line":1191,"column":61}},"210":{"start":{"line":1191,"column":29},"end":{"line":1191,"column":61}},"211":{"start":{"line":1192,"column":4},"end":{"line":1192,"column":71}},"212":{"start":{"line":1192,"column":32},"end":{"line":1192,"column":71}},"213":{"start":{"line":1194,"column":4},"end":{"line":1198,"column":5}},"214":{"start":{"line":1195,"column":6},"end":{"line":1195,"column":43}},"215":{"start":{"line":1196,"column":11},"end":{"line":1198,"column":5}},"216":{"start":{"line":1197,"column":6},"end":{"line":1197,"column":38}},"217":{"start":{"line":1200,"column":4},"end":{"line":1200,"column":23}},"218":{"start":{"line":1209,"column":4},"end":{"line":1209,"column":78}},"219":{"start":{"line":1211,"column":4},"end":{"line":1259,"column":5}},"220":{"start":{"line":1213,"column":27},"end":{"line":1214,"column":null}},"221":{"start":{"line":1216,"column":23},"end":{"line":1217,"column":null}},"222":{"start":{"line":1221,"column":8},"end":{"line":1223,"column":36}},"223":{"start":{"line":1225,"column":45},"end":{"line":1248,"column":8}},"224":{"start":{"line":1250,"column":6},"end":{"line":1253,"column":8}},"225":{"start":{"line":1256,"column":8},"end":{"line":1256,"column":64}},"226":{"start":{"line":1257,"column":6},"end":{"line":1257,"column":77}},"227":{"start":{"line":1258,"column":6},"end":{"line":1258,"column":51}},"228":{"start":{"line":1264,"column":4},"end":{"line":1264,"column":80}},"229":{"start":{"line":1265,"column":4},"end":{"line":1265,"column":70}},"230":{"start":{"line":1272,"column":4},"end":{"line":1272,"column":80}},"231":{"start":{"line":1274,"column":4},"end":{"line":1304,"column":5}},"232":{"start":{"line":1276,"column":29},"end":{"line":1281,"column":8}},"233":{"start":{"line":1283,"column":34},"end":{"line":1293,"column":9}},"234":{"start":{"line":1283,"column":62},"end":{"line":1293,"column":8}},"235":{"start":{"line":1295,"column":6},"end":{"line":1298,"column":8}},"236":{"start":{"line":1301,"column":8},"end":{"line":1301,"column":64}},"237":{"start":{"line":1302,"column":6},"end":{"line":1302,"column":74}},"238":{"start":{"line":1303,"column":6},"end":{"line":1303,"column":46}},"239":{"start":{"line":1311,"column":4},"end":{"line":1311,"column":80}},"240":{"start":{"line":1313,"column":4},"end":{"line":1332,"column":5}},"241":{"start":{"line":1315,"column":6},"end":{"line":1318,"column":8}},"242":{"start":{"line":1320,"column":6},"end":{"line":1323,"column":8}},"243":{"start":{"line":1326,"column":8},"end":{"line":1326,"column":64}},"244":{"start":{"line":1327,"column":6},"end":{"line":1327,"column":76}},"245":{"start":{"line":1328,"column":6},"end":{"line":1331,"column":8}},"246":{"start":{"line":1339,"column":4},"end":{"line":1341,"column":6}},"247":{"start":{"line":1343,"column":4},"end":{"line":1380,"column":5}},"248":{"start":{"line":1345,"column":6},"end":{"line":1348,"column":8}},"249":{"start":{"line":1351,"column":30},"end":{"line":1353,"column":8}},"250":{"start":{"line":1355,"column":50},"end":{"line":1364,"column":14}},"251":{"start":{"line":1366,"column":6},"end":{"line":1369,"column":8}},"252":{"start":{"line":1372,"column":8},"end":{"line":1372,"column":64}},"253":{"start":{"line":1373,"column":6},"end":{"line":1375,"column":8}},"254":{"start":{"line":1376,"column":6},"end":{"line":1379,"column":8}},"255":{"start":{"line":1387,"column":4},"end":{"line":1389,"column":6}},"256":{"start":{"line":1390,"column":4},"end":{"line":1390,"column":44}},"257":{"start":{"line":1395,"column":4},"end":{"line":1395,"column":72}},"258":{"start":{"line":1397,"column":4},"end":{"line":1441,"column":5}},"259":{"start":{"line":1406,"column":64},"end":{"line":1422,"column":8}},"260":{"start":{"line":1424,"column":24},"end":{"line":1424,"column":69}},"261":{"start":{"line":1426,"column":6},"end":{"line":1428,"column":7}},"262":{"start":{"line":1427,"column":8},"end":{"line":1427,"column":61}},"263":{"start":{"line":1430,"column":6},"end":{"line":1435,"column":8}},"264":{"start":{"line":1438,"column":8},"end":{"line":1438,"column":64}},"265":{"start":{"line":1439,"column":6},"end":{"line":1439,"column":74}},"266":{"start":{"line":1440,"column":6},"end":{"line":1440,"column":70}},"267":{"start":{"line":379,"column":13},"end":{"line":379,"column"
[...]
},"26":{"loc":{"start":{"line":460,"column":6},"end":{"line":462,"column":7}},"type":"if","locations":[{"start":{"line":460,"column":6},"end":{"line":462,"column":7}}]},"27":{"loc":{"start":{"line":474,"column":8},"end":{"line":476,"column":73}},"type":"cond-expr","locations":[{"start":{"line":475,"column":12},"end":{"line":475,"column":60}},{"start":{"line":476,"column":12},"end":{"line":476,"column":73}}]},"28":{"loc":{"start":{"line":476,"column":12},"end":{"line":476,"column":73}},"type":"binary-expr","locations":[{"start":{"line":476,"column":12},"end":{"line":476,"column":65}},{"start":{"line":476,"column":69},"end":{"line":476,"column":73}}]},"29":{"loc":{"start":{"line":516,"column":6},"end":{"line":518,"column":7}},"type":"if","locations":[{"start":{"line":516,"column":6},"end":{"line":518,"column":7}}]},"30":{"loc":{"start":{"line":548,"column":6},"end":{"line":550,"column":7}},"type":"if","locations":[{"start":{"line":548,"column":6},"end":{"line":550,"column":7}}]},"31":{"loc":{"start":{"line":548,"column":10},"end":{"line":548,"column":59}},"type":"binary-expr","locations":[{"start":{"line":548,"column":10},"end":{"line":548,"column":24}},{"start":{"line":548,"column":28},"end":{"line":548,"column":59}}]},"32":{"loc":{"start":{"line":576,"column":6},"end":{"line":578,"column":7}},"type":"if","locations":[{"start":{"line":576,"column":6},"end":{"line":578,"column":7}}]},"33":{"loc":{"start":{"line":620,"column":4},"end":{"line":622,"column":5}},"type":"if","locations":[{"start":{"line":620,"column":4},"end":{"line":622,"column":5}}]},"34":{"loc":{"start":{"line":639,"column":6},"end":{"line":644,"column":7}},"type":"if","locations":[{"start":{"line":639,"column":6},"end":{"line":644,"column":7}}]},"35":{"loc":{"start":{"line":640,"column":8},"end":{"line":641,"column":60}},"type":"binary-expr","locations":[{"start":{"line":640,"column":8},"end":{"line":640,"column":21}},{"start":{"line":641,"column":8},"end":{"line":641,"column":60}}]},"36":{"loc":{"start":{"line":673,"column":6},"end":{"line":678,"column":7}},"type":"if","locations":[{"start":{"line":673,"column":6},"end":{"line":678,"column":7}}]},"37":{"loc":{"start":{"line":674,"column":8},"end":{"line":675,"column":60}},"type":"binary-expr","locations":[{"start":{"line":674,"column":8},"end":{"line":674,"column":21}},{"start":{"line":675,"column":8},"end":{"line":675,"column":60}}]},"38":{"loc":{"start":{"line":745,"column":13},"end":{"line":745,"column":30}},"type":"binary-expr","locations":[{"start":{"line":745,"column":13},"end":{"line":745,"column":24}},{"start":{"line":745,"column":28},"end":{"line":745,"column":30}}]},"39":{"loc":{"start":{"line":762,"column":6},"end":{"line":764,"column":7}},"type":"if","locations":[{"start":{"line":762,"column":6},"end":{"line":764,"column":7}}]}},"s":{"0":4,"1":4,"2":4,"3":4,"4":4,"5":4,"6":4,"7":67,"8":67,"9":67,"10":67,"11":67,"12":1,"13":66,"14":66,"15":7,"16":7,"17":7,"18":2,"19":5,"20":4,"21":4,"22":4,"23":1,"24":1,"25":8,"26":8,"27":8,"28":1,"29":7,"30":7,"31":1,"32":6,"33":5,"34":5,"35":3,"36":3,"37":8,"38":8,"39":8,"40":1,"41":7,"42":7,"43":1,"44":6,"45":6,"46":6,"47":6,"48":6,"49":6,"50":6,"51":6,"52":6,"53":6,"54":6,"55":6,"56":6,"57":6,"58":2,"59":2,"60":6,"61":6,"62":6,"63":1,"64":5,"65":5,"66":5,"67":4,"68":4,"69":1,"70":3,"71":3,"72":4,"73":3,"74":4,"75":4,"76":4,"77":2,"78":2,"79":4,"80":4,"81":4,"82":1,"83":3,"84":1,"85":1,"86":2,"87":2,"88":1,"89":1,"90":6,"91":6,"92":6,"93":2,"94":4,"95":4,"96":4,"97":4,"98":3,"99":3,"100":1,"101":1,"102":4,"103":4,"104":4,"105":1,"106":3,"107":3,"108":3,"109":3,"110":3,"111":3,"112":3,"113":3,"114":0,"115":0,"116":2,"117":2,"118":2,"119":1,"120":1,"121":1,"122":1,"123":1,"124":3,"125":3,"126":3,"127":2,"128":1,"129":1,"130":1,"131":2,"132":2,"133":4,"134":4,"135":4,"136":1,"137":3,"138":3,"139":3,"140":3,"141":1,"142":1,"143":1,"144":2,"145":2,"146":1,"147":1,"148":3,"149":3,"150":3,"151":2,"152":1,"153":1,"154":2,"155":2,"156":4,"157":4,"158":4,"159":2,"160":2,"161":2,"162":2,"163":2,"164":2,"165":2,"166":2,"167":2,"168":2,"169":2,"170":0,"171":0,"172":2,"173":2,"174":2,"175":1,"176":1,"177":1,"178":1,"179":1,"180":4,"181":4},"f":{"0":67,"1":7,"2":8,"3":8,"4":6,"5":4,"6":6,"7":4,"8":2,"9":3,"10":4,"11":1,"12":2,"13":3,"14":4,"15":2,"16":2},"b":{"0":[1],"1":[2],"2":[7],"3":[1],"4":[1],"5":[1],"6":[1],"7":[6],"8":[6,6],"9":[6],"10":[6,6],"11":[6,0],"12":[1],"13":[4],"14":[1],"15":[3],"16":[4,3],"17":[4,3],"18":[2],"19":[1],"20":[1,2],"21":[2],"22":[4,1],"23":[4,1],"24":[4,1],"25":[4,1],"26":[1],"27":[2,1],"28":[1,1],"29":[1],"30":[2],"31":[3,2],"32":[1],"33":[1],"34":[2],"35":[3,2],"36":[2],"37":[4,3],"38":[2,1],"39":[1]}}
,"/root/projects/btd-app/btd-payment-service/src/services/subscription.service.ts": {"path":"/root/projects/btd-app/btd-payment-service/src/services/subscription.service.ts","statementMap":{"0":{"start":{"line":8,"column":0},"end":{"line":8,"column":52}},"1":{"start":{"line":9,"column":0},"end":{"line":9,"column":27}},"2":{"start":{"line":10,"column":0},"end":{"line":10,"column":57}},"3":{"start":{"line":11,"column":0},"end":{"line":11,"column":70}},"4":{"start":{"line":66,"column":32},"end":{"line":562,"column":null}},"5":{"start":{"line":69,"column":31},"end":{"line":69,"column":39}},"6":{"start":{"line":67,"column":19},"end":{"line":67,"column":65}},"7":{"start":{"line":75,"column":4},"end":{"line":94,"column":5}},"8":{"start":{"line":76,"column":27},"end":{"line":78,"column":8}},"9":{"start":{"line":81,"column":6},"end":{"line":90,"column":8}},"10":{"start":{"line":92,"column":6},"end":{"line":92,"column":67}},"11":{"start":{"line":93,"column":6},"end":{"line":93,"column":18}},"12":{"start":{"line":101,"column":4},"end":{"line":263,"column":5}},"13":{"start":{"line":103,"column":8},"end":{"line":153,"column":10}},"14":{"start":{"line":156,"column":8},"end":{"line":206,"column":10}},"15":{"start":{"line":209,"column":8},"end":{"line":259,"column":10}},"16":{"start":{"line":262,"column":8},"end":{"line":262,"column":71}},"17":{"start":{"line":277,"column":4},"end":{"line":314,"column":5}},"18":{"start":{"line":278,"column":27},"end":{"line":278,"column":65}},"19":{"start":{"line":279,"column":23},"end":{"line":280,"column":null}},"20":{"start":{"line":283,"column":6},"end":{"line":289,"column":7}},"21":{"start":{"line":284,"column":8},"end":{"line":288,"column":10}},"22":{"start":{"line":291,"column":6},"end":{"line":297,"column":7}},"23":{"start":{"line":292,"column":8},"end":{"line":296,"column":10}},"24":{"start":{"line":299,"column":6},"end":{"line":305,"column":7}},"25":{"start":{"line":300,"column":8},"end":{"line":304,"column":10}},"26":{"start":{"line":307,"column":6},"end":{"line":307,"column":31}},"27":{"start":{"line":309,"column":6},"end":{"line":309,"column":70}},"28":{"start":{"line":310,"column":6},"end":{"line":313,"column":8}},"29":{"start":{"line":328,"column":4},"end":{"line":358,"column":5}},"30":{"start":{"line":329,"column":27},"end":{"line":329,"column":65}},"31":{"start":{"line":330,"column":23},"end":{"line":331,"column":null}},"32":{"start":{"line":334,"column":6},"end":{"line":339,"column":7}},"33":{"start":{"line":335,"column":8},"end":{"line":338,"column":10}},"34":{"start":{"line":341,"column":6},"end":{"line":346,"column":7}},"35":{"start":{"line":342,"column":8},"end":{"line":345,"column":10}},"36":{"start":{"line":348,"column":6},"end":{"line":351,"column":8}},"37":{"start":{"line":353,"column":6},"end":{"line":353,"column":66}},"38":{"start":{"line":354,"column":6},"end":{"line":357,"column":8}},"39":{"start":{"line":371,"column":4},"end":{"line":411,"column":5}},"40":{"start":{"line":372,"column":27},"end":{"line":372,"column":65}},"41":{"start":{"line":373,"column":23},"end":{"line":374,"column":null}},"42":{"start":{"line":376,"column":24},"end":{"line":376,"column":41}},"43":{"start":{"line":378,"column":6},"end":{"line":402,"column":7}},"44":{"start":{"line":379,"column":53},"end":{"line":396,"column":10}},"45":{"start":{"line":398,"column":8},"end":{"line":401,"column":10}},"46":{"start":{"line":404,"column":6},"end":{"line":404,"column":31}},"47":{"start":{"line":406,"column":6},"end":{"line":406,"column":67}},"48":{"start":{"line":407,"column":6},"end":{"line":410,"column":8}},"49":{"start":{"line":421,"column":4},"end":{"line":438,"column":5}},"50":{"start":{"line":424,"column":6},"end":{"line":429,"column":8}},"51":{"start":{"line":431,"column":6},"end":{"line":431,"column":68}},"52":{"start":{"line":432,"column":6},"end":{"line":437,"column":8}},"53":{"start":{"line":449,"column":4},"end":{"line":449,"column":77}},"54":{"start":{"line":456,"column":4},"end":{"line":465,"column":5}},"55":{"start":{"line":457,"column":27},"end":{"line":457,"column":65}},"56":{"start":{"line":458,"column":23},"end":{"line":459,"column":null}},"57":{"start":{"line":461,"column":6},"end":{"line":461,"column":40}},"58":{"start":{"line":463,"column":6},"end":{"line":463,"column":73}},"59":{"start":{"line":464,"column":6},"end":{"line":464,"column":19}},"60":{"start":{"line":472,"column":4},"end":{"line":481,"column":5}},"61":{"start":{"line":473,"column":27},"end":{"line":473,"column":65}},"62":{"start":{"line":474,"column":23},"end":{"line":475,"column":null}},"63":{"start":{"line":477,"column":6},"end":{"line":477,"column":38}},"64":{"start":{"line":479,"column":6},"end":{"line":479,"column":67}},"65":{"start":{"line":480,"column":6},"end":{"line":480,"column":18}},"66":{"start":{"line":495,"column":4},"end":{"line":513,"column":5}},"67":{"start":{"line":496,"column":6},"end":{"line":502,"column":9}},"68":{"start":{"line":504,"column":47},"end":{"line":509,"column":8}},"69":{"start":{"line":510,"column":6},"end":{"line":510,"column":56}},"70":{"start":{"line":512,"column":6},"end":{"line":512,"column":64}},"71":{"start":{"line":520,"column":19},"end":{"line":524,"column":6}},"72":{"start":{"line":525,"column":4},"end":{"line":525,"column":29}},"73":{"start":{"line":535,"column":4},"end":{"line":543,"column":5}},"74":{"start":{"line":536,"column":27},"end":{"line":536,"column":65}},"75":{"start":{"line":537,"column":27},"end":{"line":537,"column":75}},"76":{"start":{"line":538,"column":28},"end":{"line":538,"column":59}},"77":{"start":{"line":539,"column":6},"end":{"line":539,"column":43}},"78":{"start":{"line":541,"column":6},"end":{"line":541,"column":62}},"79":{"start":{"line":542,"column":6},"end":{"line":542,"column":19}},"80":{"start":{"line":555,"column":4},"end":{"line":560,"column":6}},"81":{"start":{"line":66,"column":13},"end":{"line":66,"column":32}},"82":{"start":{"line":66,"column":13},"end":{"line":562,"column":null}}},"fnMap":{"0":{"name":"(anonymous_2)","decl":{"start":{"line":69,"column":2},"end":{"line":69,"column":31}},"loc":{"start":{"line":69,"column":52},"end":{"line":69,"column":56}}},"1":{"name":"(anonymous_3)","decl":{"start":{"line":74,"column":2},"end":{"line":74,"column":7}},"loc":{"start":{"line":74,"column":42},"end":{"line":95,"column":3}}},"2":{"name":"(anonymous_4)","decl":{"start":{"line":100,"column":2},"end":{"line":100,"column":25}},"loc":{"start":{"line":100,"column":48},"end":{"line":264,"column":3}}},"3":{"name":"(anonymous_5)","decl":{"start":{"line":269,"column":2},"end":{"line":269,"column":7}},"loc":{"start":{"line":271,"column":48},"end":{"line":315,"column":3}}},"4":{"name":"(anonymous_6)","decl":{"start":{"line":320,"column":2},"end":{"line":320,"column":7}},"loc":{"start":{"line":322,"column":34},"end":{"line":359,"column":3}}},"5":{"name":"(anonymous_7)","decl":{"start":{"line":364,"column":2},"end":{"line":364,"column":7}},"loc":{"start":{"line":366,"column":39},"end":{"line":412,"column":3}}},"6":{"name":"(anonymous_8)","decl":{"start":{"line":420,"column":2},"end":{"line":420,"column":21}},"loc":{"start":{"line":420,"column":41},"end":{"line":439,"column":3}}},"7":{"name":"(anonymous_9)","decl":{"start":{"line":446,"column":2},"end":{"line":446,"column":17}},"loc":{"start":{"line":446,"column":37},"end":{"line":450,"column":3}}},"8":{"name":"(anonymous_10)","decl":{"start":{"line":455,"column":2},"end":{"line":455,"column":7}},"loc":{"start":{"line":455,"column":39},"end":{"line":466,"column":3}}},"9":{"name":"(anonymous_11)","decl":{"start":{"line":471,"column":2},"end":{"line":471,"column":7}},"loc":{"start":{"line":471,"column":41},"end":{"line":482,"column":3}}},"10":{"name":"(anonymous_12)","decl":{"start":{"line":490,"column":2},"end":{"line":490,"column":7}},"loc":{"start":{"line":493,"column":38},"end":{"line":514,"column":3}}},"11":{"name":"(anonymous_13)","decl":{"start":{"line":519,"column":2},"end":{"line":519,"column":14}},"loc":{"start":{"line":519,"column":37},"end":{"line":526,"column":3}}},"12":{"name":"(anonymous_14)","decl":{"start":{"line":531,"column":2},"end":{"line":531,"column":7}},"loc":{"start":{"line":533,"column":34},"end":{"line":544,"column":3}}},"13":{"name":"(anonymous_15)","decl":{"start":{"line":552,"column":2},"end":{"line":552,"column":19}},"loc":{"start":{"line":552,"column":39},"end":{"line":561,"column":3}}}},"branchMap":{"0":{"loc":{"start":{"line":82,"column":8},"end":{"line":89,"column":null}},"type":"binary-expr","locations":[{"start":{"line":82,"column":8},"end":{"line":82,"column":20}},{"start":{"line":82,"column":24},"end":{"line":89,"column":null}}]},"1":{"loc":{"start":{"line":101,"column":4},"end":{"line":263,"column":5}},"type":"switch","locations":[{"start":{"line":102,"column":6},"end":{"line":153,"column":10}},{"start":{"line":155,"column":6},"end":{"line":206,"column":10}},{"start":{"line":208,"column":6},"end":{"line":259,"column":10}},{"start":{"line":261,"column":6},"end":{"line":262,"column":71}}]},"2":{"loc":{"start":{"line":283,"column":6},"end":{"line":289,"column":7}},"type":"if","locations":[{"start":{"line":283,"column":6},"end":{"line":289,"column":7}}]},"3":{"loc":{"start":{"line":283,"column":10},"end":{"line":283,"column":61}},"type":"binary-expr","locations":[{"start":{"line":283,"column":10},"end":{"line":283,"column":30}},{"start":{"line":283,"column":34},"end":{"line":283,"column":61}}]},"4":{"loc":{"start":{"line":291,"column":6},"end":{"line":297,"column":7}},"type":"if","locations":[{"start":{"line":291,"column":6},"end":{"line":297,"column":7}}]},"5":{"loc":{"start":{"line":291,"column":10},"end":{"line":291,"column":61}},"type":"binary-expr","locations":[{"start":{"line":291,"column":10},"end":{"line":291,"column":30}},{"start":{"line":291,"column":34},"end":{"line":291,"column":61}}]},"6":{"loc":{"start":{"line":299,"column":6},"end":{"line":305,"column":7}},"type":"if","locations":[{"start":{"line":299,"column":6},"end":{"line":305,"column":7}}]},"7":{"loc":{"start":{"line":299,"column":10},"end":{"line":299,"column":67}},"type":"binary-expr","locations":[{"start":{"line":299,"column":10},"end":{"line":299,"column":37}},{"start":{"line":299,"column":41},"end":{"line":299,"column":67}}]},"8":{"loc":{"start":{"line":334,"column":6},"end":{"line":339,"column":7}},"type":"if","locations":[{"start":{"line":334,"column":6},"end":{"line":339,"column":7}}]},"9":{"loc":{"start":{"line":341,"column":6},"end":{"line":346,"column":7}},"type":"if","locations":[{"start":{"line":341,"column":6},"end":{"line":346,"column":7}}]},"10":{"loc":{"start":{"line":378,"column":6},"end":{"line":402,"column":7}},"type":"if","locations":[{"start":{"line":378,"column":6},"end":{"line":402,"column":7}}]},"11":{"loc":{"start":{"line":378,"column":10},"end":{"line":378,"column":54}},"type":"binary-expr","locations":[{"start":{"line":378,"column":10},"end":{"line":378,"column":40}},{"start":{"line":378,"column":44},"end":{"line":378,"column":54}}]},"12":{"loc":{"start":{"line":400,"column":21},"end":{"line":400,"column":60}},"type":"binary-expr","locations":[{"start":{"line":400,"column":21},"end":{"line":400,"column":42}},{"start":{"line":400,"column":46},"end":{"line":400,"column":60}}]},"13":{"loc":{"start":{"line":525,"column":11},"end":{"line":525,"column":28}},"type":"binary-expr","locations":[{"start":{"line":525,"column":11},"end":{"line":525,"column":23}},{"start":{"line":525,"column":27},"end":{"line":525,"column":28}}]}},"s":{"0":3,"1":3,"2":3,"3":3,"4":3,"5":59,"6":59,"7":40,"8":40,"9":33,"10":7,"11":7,"12":41,"13":13,"14":14,"15":13,"16":1,"17":11,"18":11,"19":10,"20":10,"21":2,"22":8,"23":1,"24":7,"25":1,"26":6,"27":1,"28":1,"29":7,"30":7,"31":6,"32":6,"33":2,"34":4,"35":2,"36":2,"37":1,"38":1,"39":5,"40":5,"41":4,"42":4,"43":4,"44":2,"45":2,"46":2,"47":1,"48":1,"49":3,"50":3,"51":0,"52":0,"53":3,"54":4,"55":4,"56":3,"57":3,"58":1,"59":1,"60":5,"61":5,"62":4,"63":4,"64":1,"65":1,"66":6,"67":6,"68":5,"69":5,"70":1,"71":10,"72":10,"73":4,"74":4,"75":3,"76":3,"77":3,"78":1,"79":1,"80":3,"81":3,"82":3},"f":{"0":59,"1":40,"2":41,"3":11,"4":7,"5":5,"6":3,"7":3,"8":4,"9":5,"10":6,"11":10,"12":4,"13":3},"b":{"0":[33,11],"1":[13,14,13,1],"2":[2],"3":[10,4],"4":[1],"5":[8,3],"6":[1],"7":[7,3],"8":[2],"9":[2],"10":[2],"11":[4,3],"12":[2,0],"13":[10,1]}}
,"/root/projects/btd-app/btd-payment-service/src/shared/middleware/correlation-id.middleware.ts": {"path":"/root/projects/btd-app/btd-payment-service/src/shared/middleware/correlation-id.middleware.ts","statementMap":{"0":{"start":{"line":1,"column":0},"end":{"line":1,"column":68}},"1":{"start":{"line":3,"column":0},"end":{"line":3,"column":36}},"2":{"start":{"line":10,"column":36},"end":{"line":72,"column":null}},"3":{"start":{"line":11,"column":19},"end":{"line":11,"column":69}},"4":{"start":{"line":22,"column":4},"end":{"line":24,"column":5}},"5":{"start":{"line":23,"column":6},"end":{"line":23,"column":28}},"6":{"start":{"line":25,"column":4},"end":{"line":25,"column":23}},"7":{"start":{"line":37,"column":6},"end":{"line":37,"column":75}},"8":{"start":{"line":41,"column":6},"end":{"line":41,"column":77}},"9":{"start":{"line":44,"column":42},"end":{"line":45,"column":null}},"10":{"start":{"line":49,"column":4},"end":{"line":49,"column":38}},"11":{"start":{"line":50,"column":4},"end":{"line":50,"column":40}},"12":{"start":{"line":51,"column":4},"end":{"line":51,"column":30}},"13":{"start":{"line":54,"column":4},"end":{"line":54,"column":53}},"14":{"start":{"line":57,"column":4},"end":{"line":67,"column":7}},"15":{"start":{"line":70,"column":4},"end":{"line":70,"column":11}},"16":{"start":{"line":10,"column":13},"end":{"line":10,"column":36}},"17":{"start":{"line":10,"column":13},"end":{"line":72,"column":null}}},"fnMap":{"0":{"name":"(anonymous_1)","decl":{"start":{"line":10,"column":7},"end":{"line":10,"column":13}},"loc":{"start":{"line":10,"column":7},"end":{"line":72,"column":1}}},"1":{"name":"(anonymous_2)","decl":{"start":{"line":19,"column":10},"end":{"line":19,"column":29}},"loc":{"start":{"line":20,"column":46},"end":{"line":26,"column":3}}},"2":{"name":"(anonymous_3)","decl":{"start":{"line":34,"column":2},"end":{"line":34,"column":5}},"loc":{"start":{"line":34,"column":53},"end":{"line":71,"column":3}}}},"branchMap":{"0":{"loc":{"start":{"line":22,"column":4},"end":{"line":24,"column":5}},"type":"if","locations":[{"start":{"line":22,"column":4},"end":{"line":24,"column":5}}]},"1":{"loc":{"start":{"line":37,"column":6},"end":{"line":37,"column":75}},"type":"binary-expr","locations":[{"start":{"line":37,"column":6},"end":{"line":37,"column":63}},{"start":{"line":37,"column":67},"end":{"line":37,"column":75}}]},"2":{"loc":{"start":{"line":41,"column":6},"end":{"line":41,"column":77}},"type":"binary-expr","locations":[{"start":{"line":41,"column":6},"end":{"line":41,"column":64}},{"start":{"line":41,"column":68},"end":{"line":41,"column":77}}]}},"s":{"0":1,"1":1,"2":1,"3":33,"4":99,"5":4,"6":95,"7":33,"8":33,"9":33,"10":33,"11":33,"12":33,"13":33,"14":33,"15":33,"16":1,"17":1},"f":{"0":33,"1":99,"2":33},"b":{"0":[4],"1":[33,26],"2":[33,28]}}
,"/root/projects/btd-app/btd-payment-service/src/types/express.d.ts": {"path":"/root/projects/btd-app/btd-payment-service/src/types/express.d.ts","statementMap":{},"fnMap":{},"branchMap":{},"s":{},"f":{},"b":{}}
}
