TN:
SF:src/app.controller.ts
FN:8,(anonymous_2)
FN:22,(anonymous_3)
FN:50,(anonymous_4)
FNF:3
FNH:2
FNDA:1,(anonymous_2)
FNDA:1,(anonymous_3)
FNDA:0,(anonymous_4)
DA:1,1
DA:2,1
DA:3,1
DA:7,1
DA:8,1
DA:22,1
DA:23,1
DA:50,1
DA:51,0
LF:9
LH:8
BRF:0
BRH:0
end_of_record
TN:
SF:src/app.service.ts
FN:5,(anonymous_1)
FNF:1
FNH:1
FNDA:1,(anonymous_1)
DA:1,1
DA:4,1
DA:6,1
LF:3
LH:3
BRF:0
BRH:0
end_of_record
TN:
SF:src/consul-service-registration.ts
FN:28,(anonymous_2)
FN:33,(anonymous_3)
FN:52,(anonymous_4)
FN:96,(anonymous_5)
FN:103,(anonymous_6)
FN:113,(anonymous_7)
FN:121,(anonymous_8)
FN:130,(anonymous_9)
FN:136,(anonymous_10)
FNF:9
FNH:0
FNDA:0,(anonymous_2)
FNDA:0,(anonymous_3)
FNDA:0,(anonymous_4)
FNDA:0,(anonymous_5)
FNDA:0,(anonymous_6)
FNDA:0,(anonymous_7)
FNDA:0,(anonymous_8)
FNDA:0,(anonymous_9)
FNDA:0,(anonymous_10)
DA:8,0
DA:14,0
DA:15,0
DA:19,0
DA:22,0
DA:25,0
DA:28,0
DA:34,0
DA:35,0
DA:41,0
DA:44,0
DA:45,0
DA:48,0
DA:53,0
DA:57,0
DA:59,0
DA:60,0
DA:63,0
DA:64,0
DA:65,0
DA:68,0
DA:71,0
DA:93,0
DA:96,0
DA:97,0
DA:100,0
DA:104,0
DA:106,0
DA:107,0
DA:110,0
DA:116,0
DA:117,0
DA:125,0
DA:126,0
DA:131,0
DA:137,0
LF:36
LH:0
BRDA:44,0,0,0
BRDA:44,0,1,0
BRDA:57,1,0,0
BRDA:57,1,1,0
BRDA:59,2,0,0
BRDA:59,2,1,0
BRDA:64,3,0,0
BRDA:73,4,0,0
BRDA:73,4,1,0
BRDA:74,5,0,0
BRDA:74,5,1,0
BRDA:75,6,0,0
BRDA:75,6,1,0
BRDA:76,7,0,0
BRDA:76,7,1,0
BRDA:82,8,0,0
BRDA:82,8,1,0
BRDA:83,9,0,0
BRDA:83,9,1,0
BRDA:84,10,0,0
BRDA:84,10,1,0
BRDA:106,11,0,0
BRDA:116,12,0,0
BRDA:125,13,0,0
BRDA:131,14,0,0
BRDA:131,14,1,0
BRDA:137,15,0,0
BRDA:137,15,1,0
BRF:28
BRH:0
end_of_record
TN:
SF:src/config/stripe.config.ts
FN:22,(anonymous_0)
FNF:1
FNH:0
FNDA:0,(anonymous_0)
DA:8,0
DA:22,0
LF:2
LH:0
BRDA:61,0,0,0
BRDA:61,0,1,0
BRDA:62,1,0,0
BRDA:62,1,1,0
BRDA:78,2,0,0
BRDA:78,2,1,0
BRDA:79,3,0,0
BRDA:79,3,1,0
BRDA:101,4,0,0
BRDA:101,4,1,0
BRDA:102,5,0,0
BRDA:102,5,1,0
BRDA:124,6,0,0
BRDA:124,6,1,0
BRDA:125,7,0,0
BRDA:125,7,1,0
BRDA:153,8,0,0
BRDA:153,8,1,0
BRDA:154,9,0,0
BRDA:154,9,1,0
BRDA:182,10,0,0
BRDA:182,10,1,0
BRDA:183,11,0,0
BRDA:183,11,1,0
BRF:24
BRH:0
end_of_record
TN:
SF:src/controllers/payment.controller.ts
FN:49,(anonymous_4)
FN:61,(anonymous_5)
FN:77,(anonymous_6)
FN:106,(anonymous_7)
FN:124,(anonymous_8)
FN:130,(anonymous_9)
FN:146,(anonymous_10)
FN:152,(anonymous_11)
FN:173,(anonymous_12)
FN:196,(anonymous_13)
FNF:10
FNH:10
FNDA:33,(anonymous_4)
FNDA:2,(anonymous_5)
FNDA:9,(anonymous_6)
FNDA:4,(anonymous_7)
FNDA:5,(anonymous_8)
FNDA:5,(anonymous_9)
FNDA:5,(anonymous_10)
FNDA:5,(anonymous_11)
FNDA:6,(anonymous_12)
FNDA:7,(anonymous_13)
DA:8,1
DA:19,1
DA:26,1
DA:27,1
DA:35,1
DA:48,1
DA:49,33
DA:61,1
DA:62,2
DA:77,1
DA:81,9
DA:82,9
DA:85,9
DA:87,8
DA:106,1
DA:110,4
DA:111,4
DA:124,1
DA:127,5
DA:128,5
DA:130,5
DA:146,1
DA:149,5
DA:150,5
DA:152,5
DA:173,1
DA:177,6
DA:178,6
DA:196,1
DA:200,7
DA:201,7
LF:31
LH:31
BRDA:81,0,0,9
BRDA:81,0,1,1
BRDA:82,1,0,9
BRDA:82,1,1,1
BRDA:110,2,0,4
BRDA:110,2,1,1
BRDA:127,3,0,5
BRDA:127,3,1,1
BRDA:149,4,0,5
BRDA:149,4,1,1
BRDA:177,5,0,6
BRDA:177,5,1,1
BRDA:200,6,0,7
BRDA:200,6,1,1
BRF:14
BRH:14
end_of_record
TN:
SF:src/controllers/subscription.controller.ts
FN:57,(anonymous_4)
FN:73,(anonymous_5)
FN:96,(anonymous_6)
FN:128,(anonymous_7)
FN:191,(anonymous_8)
FN:218,(anonymous_9)
FN:252,(anonymous_10)
FN:270,(anonymous_11)
FN:294,(anonymous_12)
FN:315,(anonymous_13)
FN:330,(anonymous_14)
FNF:11
FNH:11
FNDA:53,(anonymous_4)
FNDA:6,(anonymous_5)
FNDA:7,(anonymous_6)
FNDA:11,(anonymous_7)
FNDA:3,(anonymous_8)
FNDA:6,(anonymous_9)
FNDA:3,(anonymous_10)
FNDA:5,(anonymous_11)
FNDA:4,(anonymous_12)
FNDA:3,(anonymous_13)
FNDA:5,(anonymous_14)
DA:8,1
DA:20,1
DA:27,1
DA:28,1
DA:32,1
DA:56,1
DA:58,53
DA:59,53
DA:73,1
DA:76,6
DA:77,6
DA:96,1
DA:100,7
DA:101,7
DA:104,7
DA:106,6
DA:128,1
DA:133,11
DA:135,11
DA:136,7
DA:137,4
DA:143,4
DA:144,4
DA:150,3
DA:157,4
DA:158,2
DA:165,2
DA:166,2
DA:173,2
DA:191,1
DA:195,3
DA:196,3
DA:218,1
DA:222,6
DA:223,6
DA:225,6
DA:252,1
DA:256,3
DA:257,3
DA:270,1
DA:273,5
DA:275,5
DA:276,4
DA:294,1
DA:298,4
DA:299,4
DA:315,1
DA:316,3
DA:317,3
DA:330,1
DA:334,5
DA:335,5
DA:340,5
LF:53
LH:53
BRDA:76,0,0,6
BRDA:76,0,1,4
BRDA:100,1,0,7
BRDA:100,1,1,2
BRDA:101,2,0,7
BRDA:101,2,1,3
BRDA:133,3,0,11
BRDA:133,3,1,2
BRDA:135,4,0,7
BRDA:136,5,0,4
BRDA:136,5,1,3
BRDA:145,6,0,4
BRDA:145,6,1,1
BRDA:157,7,0,2
BRDA:167,8,0,2
BRDA:167,8,1,1
BRDA:195,9,0,3
BRDA:195,9,1,1
BRDA:222,10,0,6
BRDA:222,10,1,2
BRDA:223,11,0,6
BRDA:223,11,1,3
BRDA:256,12,0,3
BRDA:256,12,1,1
BRDA:273,13,0,5
BRDA:273,13,1,2
BRDA:298,14,0,4
BRDA:298,14,1,1
BRDA:316,15,0,3
BRDA:316,15,1,1
BRDA:334,16,0,5
BRDA:334,16,1,1
BRF:32
BRH:32
end_of_record
TN:
SF:src/controllers/webhook.controller.ts
FN:38,(anonymous_4)
FN:59,(anonymous_5)
FN:197,(anonymous_6)
FN:245,(anonymous_7)
FN:290,(anonymous_8)
FN:319,(anonymous_9)
FN:331,(anonymous_10)
FN:376,(anonymous_11)
FN:417,(anonymous_12)
FN:437,(anonymous_13)
FN:454,(anonymous_14)
FN:494,(anonymous_15)
FN:510,(anonymous_16)
FN:525,(anonymous_17)
FN:538,(anonymous_18)
FN:555,(anonymous_19)
FNF:16
FNH:16
FNDA:54,(anonymous_4)
FNDA:56,(anonymous_5)
FNDA:13,(anonymous_6)
FNDA:12,(anonymous_7)
FNDA:2,(anonymous_8)
FNDA:3,(anonymous_9)
FNDA:5,(anonymous_10)
FNDA:6,(anonymous_11)
FNDA:1,(anonymous_12)
FNDA:1,(anonymous_13)
FNDA:4,(anonymous_14)
FNDA:1,(anonymous_15)
FNDA:2,(anonymous_16)
FNDA:1,(anonymous_17)
FNDA:18,(anonymous_18)
FNDA:11,(anonymous_19)
DA:8,1
DA:20,1
DA:21,1
DA:22,1
DA:23,1
DA:24,1
DA:25,1
DA:33,1
DA:34,54
DA:39,54
DA:40,54
DA:42,54
DA:48,54
DA:59,1
DA:63,56
DA:64,2
DA:69,54
DA:71,54
DA:73,54
DA:76,54
DA:81,54
DA:86,54
DA:92,2
DA:93,2
DA:96,2
DA:100,52
DA:112,52
DA:113,52
DA:115,13
DA:116,12
DA:119,12
DA:120,12
DA:123,2
DA:124,2
DA:127,3
DA:128,3
DA:131,5
DA:132,5
DA:135,6
DA:136,6
DA:139,1
DA:140,1
DA:143,1
DA:144,1
DA:147,4
DA:148,4
DA:151,1
DA:152,1
DA:155,2
DA:156,2
DA:159,1
DA:160,1
DA:163,1
DA:167,51
DA:173,1
DA:174,1
DA:179,1
DA:191,52
DA:198,13
DA:202,13
DA:206,13
DA:210,12
DA:211,5
DA:212,5
DA:216,7
DA:223,7
DA:237,7
DA:246,12
DA:248,12
DA:252,12
DA:253,1
DA:254,1
DA:258,11
DA:259,11
DA:262,11
DA:268,11
DA:282,11
DA:291,2
DA:293,2
DA:297,2
DA:298,1
DA:299,1
DA:302,1
DA:311,1
DA:320,3
DA:322,3
DA:334,5
DA:338,5
DA:342,5
DA:346,5
DA:347,1
DA:348,1
DA:352,4
DA:368,4
DA:377,6
DA:380,6
DA:384,6
DA:388,6
DA:389,1
DA:390,1
DA:394,5
DA:408,5
DA:420,1
DA:423,1
DA:431,1
DA:438,1
DA:440,1
DA:448,1
DA:457,4
DA:461,4
DA:465,4
DA:469,4
DA:470,1
DA:471,1
DA:475,3
DA:488,3
DA:497,1
DA:500,1
DA:504,1
DA:511,2
DA:514,2
DA:516,2
DA:526,1
DA:528,1
DA:539,18
DA:549,18
DA:557,11
DA:566,11
LF:128
LH:128
BRDA:43,0,0,54
BRDA:43,0,1,0
BRDA:48,1,0,54
BRDA:48,1,1,0
BRDA:63,2,0,2
BRDA:71,3,0,54
BRDA:71,3,1,1
BRDA:71,3,2,0
BRDA:77,4,0,53
BRDA:77,4,1,1
BRDA:81,5,0,53
BRDA:81,5,1,1
BRDA:92,6,0,2
BRDA:92,6,1,0
BRDA:113,7,0,13
BRDA:113,7,1,12
BRDA:113,7,2,2
BRDA:113,7,3,3
BRDA:113,7,4,5
BRDA:113,7,5,6
BRDA:113,7,6,1
BRDA:113,7,7,1
BRDA:113,7,8,4
BRDA:113,7,9,1
BRDA:113,7,10,2
BRDA:113,7,11,1
BRDA:113,7,12,1
BRDA:173,8,0,1
BRDA:173,8,1,0
BRDA:202,9,0,12
BRDA:202,9,1,1
BRDA:210,10,0,5
BRDA:252,11,0,1
BRDA:258,12,0,11
BRDA:258,12,1,1
BRDA:297,13,0,1
BRDA:338,14,0,4
BRDA:338,14,1,1
BRDA:346,15,0,1
BRDA:357,16,0,4
BRDA:357,16,1,1
BRDA:358,17,0,4
BRDA:358,17,1,1
BRDA:360,18,0,4
BRDA:360,18,1,1
BRDA:361,19,0,4
BRDA:361,19,1,1
BRDA:362,20,0,4
BRDA:362,20,1,1
BRDA:363,21,0,4
BRDA:363,21,1,1
BRDA:364,22,0,4
BRDA:364,22,1,1
BRDA:380,23,0,5
BRDA:380,23,1,1
BRDA:388,24,0,1
BRDA:399,25,0,5
BRDA:399,25,1,1
BRDA:400,26,0,5
BRDA:400,26,1,1
BRDA:402,27,0,5
BRDA:402,27,1,1
BRDA:403,28,0,5
BRDA:403,28,1,1
BRDA:404,29,0,5
BRDA:404,29,1,1
BRDA:461,30,0,3
BRDA:461,30,1,1
BRDA:469,31,0,1
BRDA:480,32,0,3
BRDA:480,32,1,1
BRDA:481,33,0,3
BRDA:481,33,1,1
BRDA:482,34,0,3
BRDA:482,34,1,1
BRDA:483,35,0,3
BRDA:483,35,1,1
BRDA:514,36,0,1
BRDA:514,36,1,1
BRDA:549,37,0,18
BRDA:549,37,1,1
BRDA:566,38,0,11
BRDA:566,38,1,2
BRF:83
BRH:78
end_of_record
TN:
SF:src/grpc/grpc.module.ts
FNF:0
FNH:0
DA:5,0
DA:6,0
DA:7,0
DA:8,0
DA:9,0
DA:10,0
DA:19,0
LF:7
LH:0
BRF:0
BRH:0
end_of_record
TN:
SF:src/grpc/health.controller.ts
FN:5,(anonymous_2)
FN:28,(anonymous_3)
FN:38,(anonymous_4)
FN:53,(anonymous_5)
FN:58,(anonymous_6)
FN:69,(anonymous_7)
FN:81,(anonymous_8)
FNF:7
FNH:7
FNDA:1,(anonymous_2)
FNDA:43,(anonymous_3)
FNDA:36,(anonymous_4)
FNDA:17,(anonymous_5)
FNDA:34,(anonymous_6)
FNDA:17,(anonymous_7)
FNDA:26,(anonymous_8)
DA:1,1
DA:2,1
DA:3,1
DA:5,1
DA:6,1
DA:7,1
DA:8,1
DA:9,1
DA:25,1
DA:26,43
DA:30,43
DA:31,43
DA:38,1
DA:39,36
DA:40,36
DA:42,36
DA:43,4
DA:46,32
DA:53,1
DA:56,17
DA:58,17
DA:59,34
DA:60,34
DA:62,34
DA:63,7
DA:65,27
DA:69,17
DA:70,17
DA:75,17
DA:82,26
LF:30
LH:30
BRDA:5,0,0,1
BRDA:5,0,1,1
BRDA:39,1,0,36
BRDA:39,1,1,12
BRDA:42,2,0,4
BRDA:59,3,0,34
BRDA:59,3,1,18
BRDA:62,4,0,7
BRDA:62,4,1,27
BRF:9
BRH:9
end_of_record
TN:
SF:src/grpc/payment-grpc.controller.ts
FN:384,(anonymous_2)
FN:394,(anonymous_3)
FN:466,(anonymous_4)
FN:521,(anonymous_5)
FN:569,(anonymous_6)
FN:622,(anonymous_7)
FN:693,(anonymous_8)
FN:770,(anonymous_9)
FN:782,(anonymous_10)
FN:798,(anonymous_11)
FN:816,(anonymous_12)
FN:826,(anonymous_13)
FN:869,(anonymous_14)
FN:879,(anonymous_15)
FN:922,(anonymous_16)
FN:998,(anonymous_17)
FN:1038,(anonymous_18)
FN:1045,(anonymous_19)
FN:1047,(anonymous_20)
FN:1062,(anonymous_21)
FN:1063,(anonymous_22)
FN:1073,(anonymous_23)
FN:1085,(anonymous_24)
FN:1105,(anonymous_25)
FN:1130,(anonymous_26)
FN:1143,(anonymous_27)
FN:1172,(anonymous_28)
FN:1206,(anonymous_29)
FN:1263,(anonymous_30)
FN:1269,(anonymous_31)
FN:1283,(anonymous_32)
FN:1308,(anonymous_33)
FN:1336,(anonymous_34)
FN:1384,(anonymous_35)
FN:1394,(anonymous_36)
FNF:35
FNH:30
FNDA:91,(anonymous_2)
FNDA:7,(anonymous_3)
FNDA:5,(anonymous_4)
FNDA:5,(anonymous_5)
FNDA:4,(anonymous_6)
FNDA:4,(anonymous_7)
FNDA:6,(anonymous_8)
FNDA:6,(anonymous_9)
FNDA:6,(anonymous_10)
FNDA:5,(anonymous_11)
FNDA:8,(anonymous_12)
FNDA:6,(anonymous_13)
FNDA:6,(anonymous_14)
FNDA:18,(anonymous_15)
FNDA:8,(anonymous_16)
FNDA:4,(anonymous_17)
FNDA:3,(anonymous_18)
FNDA:0,(anonymous_19)
FNDA:0,(anonymous_20)
FNDA:0,(anonymous_21)
FNDA:0,(anonymous_22)
FNDA:0,(anonymous_23)
FNDA:12,(anonymous_24)
FNDA:5,(anonymous_25)
FNDA:4,(anonymous_26)
FNDA:4,(anonymous_27)
FNDA:6,(anonymous_28)
FNDA:4,(anonymous_29)
FNDA:1,(anonymous_30)
FNDA:5,(anonymous_31)
FNDA:13,(anonymous_32)
FNDA:3,(anonymous_33)
FNDA:4,(anonymous_34)
FNDA:1,(anonymous_35)
FNDA:7,(anonymous_36)
DA:5,1
DA:6,1
DA:7,1
DA:10,1
DA:11,1
DA:12,1
DA:379,1
DA:380,91
DA:381,91
DA:382,91
DA:385,91
DA:386,91
DA:387,91
DA:394,1
DA:397,7
DA:401,7
DA:404,7
DA:405,7
DA:408,7
DA:415,5
DA:422,5
DA:426,5
DA:444,5
DA:449,5
DA:456,2
DA:457,2
DA:458,2
DA:466,1
DA:469,5
DA:471,5
DA:473,5
DA:480,4
DA:484,4
DA:485,1
DA:488,3
DA:505,3
DA:511,2
DA:512,2
DA:513,2
DA:521,1
DA:524,5
DA:528,5
DA:530,5
DA:536,3
DA:540,3
DA:541,3
DA:547,3
DA:552,3
DA:559,2
DA:560,2
DA:561,2
DA:569,1
DA:572,4
DA:574,4
DA:576,4
DA:580,3
DA:581,1
DA:585,2
DA:589,2
DA:609,2
DA:612,2
DA:613,2
DA:614,2
DA:622,1
DA:625,4
DA:629,4
DA:631,4
DA:639,2
DA:651,2
DA:664,2
DA:670,2
DA:678,2
DA:679,2
DA:680,2
DA:693,1
DA:696,6
DA:698,6
DA:700,6
DA:705,4
DA:707,3
DA:708,2
DA:715,3
DA:719,3
DA:720,2
DA:736,2
DA:745,2
DA:756,2
DA:757,2
DA:758,2
DA:770,1
DA:773,6
DA:775,6
DA:777,6
DA:782,6
DA:798,5
DA:800,4
DA:806,2
DA:807,2
DA:808,2
DA:816,1
DA:817,8
DA:821,8
DA:823,8
DA:826,6
DA:827,6
DA:831,6
DA:853,6
DA:859,2
DA:860,2
DA:861,2
DA:869,1
DA:870,6
DA:872,6
DA:874,6
DA:879,4
DA:881,18
DA:882,18
DA:884,18
DA:905,4
DA:906,4
DA:912,2
DA:913,2
DA:914,2
DA:922,1
DA:925,8
DA:927,8
DA:929,8
DA:930,8
DA:932,8
DA:935,4
DA:936,3
DA:940,1
DA:945,2
DA:946,2
DA:947,2
DA:950,2
DA:951,1
DA:955,1
DA:960,2
DA:961,2
DA:962,2
DA:967,1
DA:968,1
DA:969,1
DA:972,1
DA:973,1
DA:974,1
DA:977,6
DA:984,2
DA:985,2
DA:986,2
DA:998,1
DA:999,4
DA:1001,4
DA:1006,4
DA:1007,2
DA:1015,4
DA:1016,2
DA:1031,4
DA:1038,1
DA:1041,3
DA:1045,3
DA:1046,0
DA:1049,0
DA:1050,0
DA:1054,0
DA:1055,0
DA:1056,0
DA:1060,0
DA:1062,0
DA:1063,0
DA:1067,0
DA:1073,0
DA:1074,0
DA:1075,0
DA:1090,12
DA:1099,12
DA:1106,5
DA:1124,5
DA:1131,4
DA:1137,4
DA:1148,4
DA:1150,4
DA:1151,4
DA:1152,4
DA:1153,4
DA:1154,4
DA:1155,4
DA:1156,4
DA:1157,4
DA:1158,4
DA:1159,4
DA:1163,4
DA:1166,4
DA:1177,6
DA:1179,6
DA:1180,5
DA:1182,1
DA:1185,6
DA:1186,6
DA:1187,6
DA:1188,6
DA:1189,6
DA:1190,6
DA:1191,6
DA:1192,6
DA:1194,6
DA:1195,5
DA:1196,1
DA:1197,1
DA:1200,6
DA:1206,1
DA:1209,4
DA:1211,4
DA:1213,4
DA:1216,2
DA:1221,2
DA:1225,2
DA:1250,2
DA:1256,2
DA:1257,2
DA:1258,2
DA:1263,1
DA:1264,1
DA:1265,1
DA:1269,1
DA:1272,5
DA:1274,5
DA:1276,5
DA:1283,13
DA:1295,3
DA:1301,2
DA:1302,2
DA:1303,2
DA:1308,1
DA:1311,3
DA:1313,3
DA:1315,3
DA:1320,1
DA:1326,2
DA:1327,2
DA:1328,2
DA:1336,1
DA:1339,4
DA:1343,4
DA:1345,4
DA:1351,2
DA:1355,2
DA:1366,2
DA:1372,2
DA:1373,2
DA:1376,2
DA:1384,1
DA:1387,1
DA:1390,1
DA:1394,1
DA:1395,7
DA:1397,7
DA:1406,7
DA:1424,7
DA:1426,5
DA:1427,1
DA:1430,4
DA:1438,2
DA:1439,2
DA:1440,2
LF:266
LH:253
BRDA:404,0,0,7
BRDA:404,0,1,1
BRDA:405,1,0,7
BRDA:405,1,1,1
BRDA:418,2,0,5
BRDA:418,2,1,1
BRDA:435,3,0,5
BRDA:435,3,1,0
BRDA:456,4,0,1
BRDA:456,4,1,1
BRDA:476,5,0,5
BRDA:476,5,1,1
BRDA:484,6,0,1
BRDA:489,7,0,3
BRDA:489,7,1,0
BRDA:491,8,0,3
BRDA:491,8,1,0
BRDA:497,9,0,3
BRDA:497,9,1,0
BRDA:500,10,0,3
BRDA:500,10,1,0
BRDA:511,11,0,1
BRDA:511,11,1,1
BRDA:541,12,0,1
BRDA:541,12,1,2
BRDA:543,13,0,2
BRDA:543,13,1,1
BRDA:549,14,0,3
BRDA:549,14,1,0
BRDA:554,15,0,3
BRDA:554,15,1,0
BRDA:559,16,0,1
BRDA:559,16,1,1
BRDA:580,17,0,1
BRDA:590,18,0,2
BRDA:590,18,1,0
BRDA:593,19,0,2
BRDA:593,19,1,0
BRDA:600,20,0,2
BRDA:600,20,1,0
BRDA:603,21,0,2
BRDA:603,21,1,0
BRDA:612,22,0,1
BRDA:612,22,1,1
BRDA:647,23,0,2
BRDA:647,23,1,1
BRDA:678,24,0,1
BRDA:678,24,1,1
BRDA:705,25,0,3
BRDA:707,26,0,2
BRDA:719,27,0,2
BRDA:723,28,0,2
BRDA:723,28,1,0
BRDA:726,29,0,2
BRDA:726,29,1,0
BRDA:727,30,0,2
BRDA:727,30,1,0
BRDA:728,31,0,2
BRDA:728,31,1,0
BRDA:756,32,0,1
BRDA:756,32,1,1
BRDA:785,33,0,5
BRDA:785,33,1,1
BRDA:788,34,0,5
BRDA:788,34,1,0
BRDA:789,35,0,5
BRDA:789,35,1,0
BRDA:790,36,0,5
BRDA:790,36,1,0
BRDA:802,37,0,4
BRDA:802,37,1,1
BRDA:806,38,0,1
BRDA:806,38,1,1
BRDA:818,39,0,8
BRDA:818,39,1,1
BRDA:837,40,0,6
BRDA:837,40,1,0
BRDA:855,41,0,6
BRDA:855,41,1,1
BRDA:859,42,0,2
BRDA:859,42,1,0
BRDA:896,43,0,18
BRDA:896,43,1,0
BRDA:901,44,0,18
BRDA:901,44,1,0
BRDA:905,45,0,4
BRDA:905,45,1,1
BRDA:912,46,0,1
BRDA:912,46,1,1
BRDA:932,47,0,4
BRDA:932,47,1,2
BRDA:932,47,2,1
BRDA:932,47,3,1
BRDA:932,47,4,1
BRDA:935,48,0,3
BRDA:950,49,0,1
BRDA:984,50,0,2
BRDA:984,50,1,0
BRDA:1006,51,0,2
BRDA:1009,52,0,0
BRDA:1009,52,1,2
BRDA:1015,53,0,2
BRDA:1049,54,0,0
BRDA:1049,55,0,0
BRDA:1049,55,1,0
BRDA:1054,56,0,0
BRDA:1054,57,0,0
BRDA:1054,57,1,0
BRDA:1055,58,0,0
BRDA:1094,59,0,12
BRDA:1094,59,1,0
BRDA:1124,60,0,5
BRDA:1124,60,1,0
BRDA:1137,61,0,4
BRDA:1137,61,1,0
BRDA:1150,62,0,4
BRDA:1151,63,0,4
BRDA:1152,64,0,4
BRDA:1153,65,0,4
BRDA:1154,66,0,4
BRDA:1155,67,0,4
BRDA:1156,68,0,0
BRDA:1157,69,0,0
BRDA:1158,70,0,0
BRDA:1159,71,0,4
BRDA:1160,72,0,4
BRDA:1160,72,1,0
BRDA:1179,73,0,5
BRDA:1179,73,1,1
BRDA:1185,74,0,6
BRDA:1186,75,0,6
BRDA:1187,76,0,6
BRDA:1188,77,0,6
BRDA:1189,78,0,0
BRDA:1190,79,0,6
BRDA:1191,80,0,0
BRDA:1192,81,0,0
BRDA:1194,82,0,5
BRDA:1194,82,1,1
BRDA:1196,83,0,1
BRDA:1221,84,0,1
BRDA:1221,84,1,1
BRDA:1221,85,0,2
BRDA:1221,85,1,1
BRDA:1227,86,0,2
BRDA:1227,86,1,0
BRDA:1227,87,0,2
BRDA:1227,87,1,0
BRDA:1232,88,0,2
BRDA:1232,88,1,0
BRDA:1232,89,0,2
BRDA:1232,89,1,0
BRDA:1234,90,0,2
BRDA:1234,90,1,0
BRDA:1240,91,0,2
BRDA:1240,91,1,0
BRDA:1243,92,0,2
BRDA:1243,92,1,0
BRDA:1246,93,0,2
BRDA:1246,93,1,2
BRDA:1256,94,0,1
BRDA:1256,94,1,1
BRDA:1279,95,0,5
BRDA:1279,95,1,1
BRDA:1280,96,0,5
BRDA:1280,96,1,5
BRDA:1292,97,0,13
BRDA:1292,97,1,0
BRDA:1297,98,0,3
BRDA:1297,98,1,1
BRDA:1301,99,0,1
BRDA:1301,99,1,1
BRDA:1326,100,0,1
BRDA:1326,100,1,1
BRDA:1355,101,0,1
BRDA:1355,101,1,1
BRDA:1372,102,0,1
BRDA:1372,102,1,1
BRDA:1426,103,0,1
BRDA:1438,104,0,2
BRDA:1438,104,1,0
BRF:181
BRH:131
end_of_record
TN:
SF:src/guards/auth.guard.ts
FN:34,(anonymous_2)
FN:39,(anonymous_3)
FN:67,(anonymous_4)
FNF:3
FNH:3
FNDA:39,(anonymous_2)
FNDA:41,(anonymous_3)
FNDA:53,(anonymous_4)
DA:8,1
DA:14,1
DA:16,1
DA:33,1
DA:34,39
DA:40,41
DA:41,41
DA:43,41
DA:44,18
DA:47,23
DA:49,23
DA:50,23
DA:53,13
DA:58,13
DA:60,10
DA:68,53
DA:69,53
LF:17
LH:17
BRDA:43,0,0,18
BRDA:49,1,0,23
BRDA:49,1,1,3
BRDA:68,2,0,53
BRDA:68,2,1,6
BRDA:69,3,0,36
BRDA:69,3,1,17
BRF:7
BRH:7
end_of_record
TN:
SF:src/payment/payment.controller.ts
FN:9,(anonymous_2)
FN:12,(anonymous_3)
FN:24,(anonymous_4)
FN:33,(anonymous_5)
FN:46,(anonymous_6)
FN:54,(anonymous_7)
FN:66,(anonymous_8)
FN:78,(anonymous_9)
FN:102,(anonymous_10)
FN:129,(anonymous_11)
FN:183,(anonymous_12)
FNF:11
FNH:11
FNDA:46,(anonymous_2)
FNDA:5,(anonymous_3)
FNDA:5,(anonymous_4)
FNDA:5,(anonymous_5)
FNDA:5,(anonymous_6)
FNDA:5,(anonymous_7)
FNDA:6,(anonymous_8)
FNDA:6,(anonymous_9)
FNDA:5,(anonymous_10)
FNDA:5,(anonymous_11)
FNDA:4,(anonymous_12)
DA:1,1
DA:2,1
DA:3,1
DA:6,1
DA:7,46
DA:9,46
DA:12,1
DA:17,5
DA:20,5
DA:24,1
DA:28,5
DA:29,5
DA:33,1
DA:39,5
DA:42,5
DA:46,1
DA:47,5
DA:50,5
DA:54,1
DA:59,5
DA:62,5
DA:66,1
DA:71,6
DA:74,6
DA:78,1
DA:83,6
DA:87,6
DA:88,6
DA:97,5
DA:101,5
DA:102,5
DA:118,1
DA:121,1
DA:129,1
DA:137,5
DA:141,5
DA:142,5
DA:157,3
DA:173,2
DA:176,2
DA:183,1
DA:184,4
DA:186,4
DA:188,4
DA:190,2
DA:196,2
DA:199,2
LF:47
LH:47
BRDA:92,0,0,6
BRDA:92,0,1,1
BRDA:93,1,0,6
BRDA:93,1,1,6
BRDA:109,2,0,5
BRDA:109,2,1,1
BRDA:110,3,0,5
BRDA:110,3,1,1
BRDA:119,4,0,1
BRDA:119,4,1,0
BRDA:165,5,0,3
BRDA:165,5,1,0
BRDA:166,6,0,3
BRDA:166,6,1,0
BRDA:174,7,0,1
BRDA:174,7,1,1
BRDA:197,8,0,1
BRDA:197,8,1,1
BRF:18
BRH:15
end_of_record
TN:
SF:src/payment/payment.module.ts
FNF:0
FNH:0
DA:1,0
DA:2,0
DA:3,0
DA:4,0
DA:5,0
DA:13,0
LF:6
LH:0
BRF:0
BRH:0
end_of_record
TN:
SF:src/payment/payment.service.ts
FN:73,(anonymous_2)
FN:86,(anonymous_3)
FN:144,(anonymous_4)
FN:228,(anonymous_5)
FN:267,(anonymous_6)
FN:307,(anonymous_7)
FN:348,(anonymous_8)
FN:395,(anonymous_9)
FN:448,(anonymous_10)
FN:468,(anonymous_11)
FN:492,(anonymous_12)
FN:562,(anonymous_13)
FN:579,(anonymous_14)
FN:597,(anonymous_15)
FN:681,(anonymous_16)
FN:718,(anonymous_17)
FN:748,(anonymous_18)
FN:775,(anonymous_19)
FN:829,(anonymous_20)
FN:851,(anonymous_21)
FN:877,(anonymous_22)
FN:899,(anonymous_23)
FN:928,(anonymous_24)
FNF:23
FNH:23
FNDA:62,(anonymous_2)
FNDA:6,(anonymous_3)
FNDA:7,(anonymous_4)
FNDA:5,(anonymous_5)
FNDA:3,(anonymous_6)
FNDA:4,(anonymous_7)
FNDA:5,(anonymous_8)
FNDA:4,(anonymous_9)
FNDA:10,(anonymous_10)
FNDA:7,(anonymous_11)
FNDA:2,(anonymous_12)
FNDA:10,(anonymous_13)
FNDA:2,(anonymous_14)
FNDA:7,(anonymous_15)
FNDA:2,(anonymous_16)
FNDA:2,(anonymous_17)
FNDA:2,(anonymous_18)
FNDA:9,(anonymous_19)
FNDA:4,(anonymous_20)
FNDA:3,(anonymous_21)
FNDA:3,(anonymous_22)
FNDA:4,(anonymous_23)
FNDA:3,(anonymous_24)
DA:1,2
DA:2,2
DA:3,2
DA:4,2
DA:5,2
DA:67,2
DA:68,62
DA:74,62
DA:75,62
DA:77,62
DA:78,62
DA:80,62
DA:91,6
DA:93,6
DA:95,6
DA:99,5
DA:100,1
DA:106,4
DA:107,4
DA:108,1
DA:112,3
DA:113,3
DA:115,3
DA:117,2
DA:123,2
DA:129,1
DA:135,4
DA:136,4
DA:137,4
DA:148,7
DA:150,7
DA:152,7
DA:155,7
DA:164,6
DA:166,6
DA:168,1
DA:169,1
DA:171,1
DA:172,1
DA:174,1
DA:175,1
DA:177,1
DA:178,1
DA:180,1
DA:181,1
DA:183,1
DA:184,1
DA:190,6
DA:201,6
DA:208,1
DA:209,1
DA:212,1
DA:221,1
DA:234,5
DA:236,5
DA:238,5
DA:244,5
DA:245,1
DA:248,1
DA:255,4
DA:259,4
DA:260,1
DA:266,3
DA:267,3
DA:270,3
DA:271,1
DA:275,2
DA:287,2
DA:292,2
DA:298,2
DA:299,2
DA:300,2
DA:308,4
DA:310,4
DA:312,4
DA:322,3
DA:323,1
DA:329,2
DA:330,2
DA:332,2
DA:340,1
DA:341,1
DA:342,1
DA:353,5
DA:355,5
DA:356,5
DA:363,4
DA:364,1
DA:368,3
DA:369,3
DA:370,1
DA:373,2
DA:381,2
DA:387,3
DA:388,3
DA:389,3
DA:400,4
DA:402,4
DA:403,4
DA:410,3
DA:411,1
DA:414,2
DA:418,2
DA:427,2
DA:433,2
DA:434,2
DA:435,2
DA:451,10
DA:460,9
DA:471,7
DA:472,7
DA:473,7
DA:474,7
DA:477,7
DA:482,0
DA:497,2
DA:498,2
DA:499,2
DA:500,2
DA:501,2
DA:504,2
DA:507,2
DA:513,2
DA:515,1
DA:526,1
DA:544,2
DA:547,2
DA:559,2
DA:566,10
DA:567,4
DA:568,6
DA:569,2
DA:570,4
DA:575,3
DA:576,1
DA:580,2
DA:582,2
DA:619,7
DA:672,7
DA:685,2
DA:692,2
DA:693,2
DA:694,0
DA:698,2
DA:715,2
DA:719,2
DA:723,2
DA:724,1
DA:736,1
DA:749,2
DA:753,2
DA:754,2
DA:762,0
DA:778,9
DA:781,8
DA:782,8
DA:788,8
DA:832,4
DA:834,4
DA:835,1
DA:838,3
DA:843,3
DA:854,3
DA:856,3
DA:857,1
DA:860,2
DA:869,2
DA:880,3
DA:882,3
DA:883,1
DA:886,2
DA:891,2
DA:900,4
DA:902,4
DA:903,1
DA:907,3
DA:913,3
DA:914,2
DA:920,3
DA:931,3
DA:933,3
DA:934,1
DA:937,2
DA:942,2
LF:184
LH:181
BRDA:77,0,0,62
BRDA:77,0,1,60
BRDA:78,1,0,62
BRDA:78,1,1,60
BRDA:81,2,0,1
BRDA:81,2,1,61
BRDA:99,3,0,1
BRDA:107,4,0,1
BRDA:115,5,0,2
BRDA:115,5,1,1
BRDA:135,6,0,4
BRDA:135,6,1,0
BRDA:166,7,0,1
BRDA:166,7,1,1
BRDA:166,7,2,1
BRDA:166,7,3,1
BRDA:166,7,4,1
BRDA:166,7,5,1
BRDA:208,8,0,1
BRDA:208,8,1,0
BRDA:244,9,0,1
BRDA:259,10,0,1
BRDA:270,11,0,1
BRDA:298,12,0,2
BRDA:298,12,1,0
BRDA:322,13,0,1
BRDA:340,14,0,1
BRDA:340,14,1,0
BRDA:363,15,0,1
BRDA:369,16,0,1
BRDA:377,17,0,1
BRDA:377,17,1,1
BRDA:387,18,0,3
BRDA:387,18,1,0
BRDA:410,19,0,1
BRDA:414,20,0,1
BRDA:414,20,1,1
BRDA:421,21,0,1
BRDA:421,21,1,1
BRDA:433,22,0,2
BRDA:433,22,1,0
BRDA:471,23,0,7
BRDA:513,24,0,1
BRDA:513,24,1,1
BRDA:566,25,0,4
BRDA:566,26,0,10
BRDA:566,26,1,7
BRDA:568,27,0,2
BRDA:568,28,0,6
BRDA:568,28,1,5
BRDA:570,29,0,3
BRDA:571,30,0,4
BRDA:571,30,1,3
BRDA:571,30,2,2
BRDA:672,31,0,7
BRDA:672,31,1,3
BRDA:693,32,0,0
BRDA:702,33,0,1
BRDA:702,33,1,1
BRDA:703,34,0,1
BRDA:703,34,1,1
BRDA:707,35,0,1
BRDA:707,35,1,1
BRDA:709,36,0,1
BRDA:709,36,1,1
BRDA:723,37,0,1
BRDA:753,38,0,2
BRDA:778,39,0,1
BRDA:781,40,0,8
BRDA:781,40,1,8
BRDA:791,41,0,5
BRDA:791,41,1,3
BRDA:807,42,0,8
BRDA:807,42,1,8
BRDA:810,43,0,8
BRDA:810,43,1,8
BRDA:812,44,0,8
BRDA:812,44,1,0
BRDA:813,45,0,8
BRDA:813,45,1,8
BRDA:818,46,0,8
BRDA:818,46,1,8
BRDA:834,47,0,1
BRDA:856,48,0,1
BRDA:856,49,0,3
BRDA:856,49,1,3
BRDA:882,50,0,1
BRDA:902,51,0,1
BRDA:913,52,0,2
BRDA:933,53,0,1
BRF:90
BRH:82
end_of_record
TN:
SF:src/prisma/prisma.module.ts
FNF:0
FNH:0
DA:8,0
DA:9,0
DA:16,0
LF:3
LH:0
BRF:0
BRH:0
end_of_record
TN:
SF:src/prisma/prisma.service.ts
FN:19,(anonymous_2)
FN:36,(anonymous_3)
FN:53,(anonymous_4)
FN:60,(anonymous_5)
FNF:4
FNH:4
FNDA:43,(anonymous_2)
FNDA:16,(anonymous_3)
FNDA:5,(anonymous_4)
FNDA:10,(anonymous_5)
DA:8,10
DA:9,10
DA:10,10
DA:11,10
DA:12,10
DA:15,10
DA:19,43
DA:20,43
DA:37,16
DA:38,16
DA:39,7
DA:42,9
DA:43,9
DA:54,5
DA:61,10
DA:62,5
DA:66,5
DA:67,4
DA:68,4
DA:69,4
DA:70,4
DA:71,4
LF:22
LH:22
BRDA:27,0,0,37
BRDA:27,0,1,6
BRDA:42,1,0,5
BRDA:42,1,1,4
BRDA:61,2,0,5
BRF:5
BRH:5
end_of_record
TN:
SF:src/redis/redis.module.ts
FN:18,(anonymous_1)
FN:37,(anonymous_2)
FN:41,(anonymous_3)
FNF:3
FNH:0
FNDA:0,(anonymous_1)
FNDA:0,(anonymous_2)
FNDA:0,(anonymous_3)
DA:8,0
DA:9,0
DA:10,0
DA:11,0
DA:19,0
DA:23,0
DA:25,0
DA:26,0
DA:28,0
DA:35,0
DA:37,0
DA:38,0
DA:41,0
DA:42,0
DA:45,0
DA:53,0
LF:16
LH:0
BRF:0
BRH:0
end_of_record
TN:
SF:src/redis/redis.service.ts
FN:23,(anonymous_4)
FN:28,(anonymous_5)
FN:49,(anonymous_6)
FN:64,(anonymous_7)
FN:79,(anonymous_8)
FN:94,(anonymous_9)
FN:109,(anonymous_10)
FN:124,(anonymous_11)
FN:140,(anonymous_12)
FN:156,(anonymous_13)
FN:171,(anonymous_14)
FN:189,(anonymous_15)
FN:207,(anonymous_16)
FNF:13
FNH:13
FNDA:68,(anonymous_4)
FNDA:45,(anonymous_5)
FNDA:5,(anonymous_6)
FNDA:4,(anonymous_7)
FNDA:5,(anonymous_8)
FNDA:4,(anonymous_9)
FNDA:4,(anonymous_10)
FNDA:4,(anonymous_11)
FNDA:4,(anonymous_12)
FNDA:5,(anonymous_13)
FNDA:8,(anonymous_14)
FNDA:11,(anonymous_15)
FNDA:7,(anonymous_16)
DA:8,1
DA:9,1
DA:20,1
DA:21,68
DA:23,68
DA:29,45
DA:30,45
DA:31,45
DA:36,45
DA:37,42
DA:40,3
DA:41,3
DA:42,3
DA:53,5
DA:68,4
DA:83,5
DA:98,4
DA:113,4
DA:129,4
DA:145,4
DA:160,5
DA:174,8
DA:175,8
DA:176,8
DA:177,6
DA:180,3
DA:181,3
DA:182,3
DA:194,11
DA:195,11
DA:196,11
DA:199,3
DA:200,3
DA:208,7
DA:209,7
DA:210,7
DA:213,3
DA:214,3
LF:38
LH:38
BRDA:33,0,0,45
BRDA:33,0,1,0
BRDA:40,1,0,2
BRDA:40,1,1,1
BRDA:177,2,0,4
BRDA:177,2,1,2
BRDA:180,3,0,2
BRDA:180,3,1,1
BRDA:192,4,0,10
BRDA:199,5,0,2
BRDA:199,5,1,1
BRDA:213,6,0,2
BRDA:213,6,1,1
BRF:13
BRH:12
end_of_record
TN:
SF:src/scheduled/subscription-jobs.service.ts
FN:9,(anonymous_2)
FN:12,(anonymous_3)
FN:34,(anonymous_4)
FN:88,(anonymous_5)
FN:117,(anonymous_6)
FN:144,(anonymous_7)
FNF:6
FNH:6
FNDA:66,(anonymous_2)
FNDA:14,(anonymous_3)
FNDA:20,(anonymous_4)
FNDA:13,(anonymous_5)
FNDA:13,(anonymous_6)
FNDA:13,(anonymous_7)
DA:1,1
DA:2,1
DA:3,1
DA:6,1
DA:7,66
DA:9,66
DA:12,1
DA:13,14
DA:15,14
DA:17,14
DA:25,10
DA:27,4
DA:34,1
DA:35,20
DA:37,20
DA:39,20
DA:48,16
DA:50,1014
DA:56,1013
DA:70,1013
DA:75,15
DA:76,9
DA:81,5
DA:88,1
DA:89,13
DA:91,13
DA:93,13
DA:104,9
DA:105,3
DA:110,4
DA:117,1
DA:118,13
DA:120,13
DA:122,13
DA:123,13
DA:125,13
DA:133,9
DA:134,4
DA:137,4
DA:144,1
DA:145,13
DA:147,13
DA:149,13
DA:157,9
DA:158,4
DA:164,4
LF:46
LH:46
BRDA:28,0,0,3
BRDA:28,0,1,1
BRDA:75,1,0,9
BRDA:82,2,0,4
BRDA:82,2,1,1
BRDA:104,3,0,3
BRDA:111,4,0,3
BRDA:111,4,1,1
BRDA:133,5,0,4
BRDA:138,6,0,3
BRDA:138,6,1,1
BRDA:157,7,0,4
BRDA:165,8,0,3
BRDA:165,8,1,1
BRF:14
BRH:14
end_of_record
TN:
SF:src/services/stripe.service.ts
FN:48,(anonymous_2)
FN:66,(anonymous_3)
FN:120,(anonymous_4)
FN:184,(anonymous_5)
FN:290,(anonymous_6)
FN:358,(anonymous_7)
FN:404,(anonymous_8)
FN:454,(anonymous_9)
FN:510,(anonymous_10)
FN:541,(anonymous_11)
FN:570,(anonymous_12)
FN:608,(anonymous_13)
FN:615,(anonymous_14)
FN:630,(anonymous_15)
FN:667,(anonymous_16)
FN:716,(anonymous_17)
FN:756,(anonymous_18)
FNF:17
FNH:17
FNDA:67,(anonymous_2)
FNDA:7,(anonymous_3)
FNDA:8,(anonymous_4)
FNDA:8,(anonymous_5)
FNDA:6,(anonymous_6)
FNDA:4,(anonymous_7)
FNDA:6,(anonymous_8)
FNDA:4,(anonymous_9)
FNDA:2,(anonymous_10)
FNDA:3,(anonymous_11)
FNDA:4,(anonymous_12)
FNDA:1,(anonymous_13)
FNDA:2,(anonymous_14)
FNDA:3,(anonymous_15)
FNDA:4,(anonymous_16)
FNDA:2,(anonymous_17)
FNDA:2,(anonymous_18)
DA:8,4
DA:15,4
DA:16,4
DA:17,4
DA:18,4
DA:19,4
DA:43,4
DA:44,67
DA:49,67
DA:50,67
DA:52,67
DA:53,67
DA:54,1
DA:56,66
DA:60,66
DA:71,7
DA:73,7
DA:78,7
DA:79,2
DA:83,5
DA:92,4
DA:107,4
DA:110,4
DA:112,1
DA:113,1
DA:126,8
DA:127,8
DA:128,8
DA:129,1
DA:133,7
DA:137,7
DA:138,1
DA:141,6
DA:155,5
DA:169,5
DA:176,3
DA:177,3
DA:194,8
DA:195,8
DA:196,8
DA:197,1
DA:201,7
DA:205,7
DA:206,1
DA:210,6
DA:215,6
DA:222,6
DA:237,6
DA:244,6
DA:261,6
DA:262,6
DA:264,6
DA:265,6
DA:266,6
DA:268,6
DA:269,6
DA:271,6
DA:275,6
DA:282,2
DA:283,2
DA:295,6
DA:296,6
DA:300,6
DA:301,1
DA:304,5
DA:308,5
DA:310,5
DA:311,4
DA:312,4
DA:313,1
DA:317,3
DA:323,3
DA:326,4
DA:327,3
DA:330,4
DA:336,4
DA:348,4
DA:350,2
DA:351,2
DA:359,4
DA:360,4
DA:364,4
DA:365,1
DA:368,3
DA:369,1
DA:373,1
DA:381,2
DA:388,2
DA:396,1
DA:397,1
DA:405,6
DA:406,6
DA:410,6
DA:411,2
DA:414,4
DA:420,4
DA:421,4
DA:422,4
DA:441,3
DA:444,3
DA:446,1
DA:447,1
DA:455,4
DA:456,4
DA:460,4
DA:461,1
DA:464,3
DA:469,3
DA:474,3
DA:479,3
DA:480,3
DA:481,3
DA:497,3
DA:500,3
DA:502,0
DA:503,0
DA:511,2
DA:512,2
DA:516,2
DA:517,1
DA:520,1
DA:528,1
DA:533,1
DA:534,1
DA:542,3
DA:544,3
DA:548,3
DA:549,2
DA:553,1
DA:556,1
DA:560,1
DA:562,2
DA:563,2
DA:571,4
DA:572,4
DA:576,4
DA:577,1
DA:581,3
DA:588,3
DA:593,3
DA:598,3
DA:600,1
DA:601,1
DA:609,1
DA:616,2
DA:620,2
DA:621,1
DA:624,1
DA:634,3
DA:635,3
DA:639,3
DA:643,2
DA:647,1
DA:650,1
DA:659,2
DA:660,2
DA:668,4
DA:669,4
DA:673,4
DA:677,2
DA:681,2
DA:689,2
DA:697,2
DA:701,2
DA:708,2
DA:709,2
DA:723,2
DA:724,2
DA:726,2
DA:743,2
DA:748,0
DA:749,0
DA:757,2
DA:758,2
DA:762,2
DA:763,1
DA:766,1
DA:771,1
DA:773,1
DA:774,1
LF:180
LH:176
BRDA:53,0,0,1
BRDA:78,1,0,2
BRDA:124,2,0,7
BRDA:128,3,0,1
BRDA:137,4,0,1
BRDA:196,5,0,1
BRDA:205,6,0,1
BRDA:264,7,0,6
BRDA:264,8,0,6
BRDA:264,8,1,6
BRDA:268,9,0,6
BRDA:268,10,0,6
BRDA:268,10,1,6
BRDA:271,11,0,6
BRDA:271,11,1,0
BRDA:300,12,0,1
BRDA:310,13,0,4
BRDA:312,14,0,1
BRDA:326,15,0,3
BRDA:339,16,0,4
BRDA:339,16,1,3
BRDA:343,17,0,4
BRDA:343,17,1,3
BRDA:358,18,0,2
BRDA:364,19,0,1
BRDA:368,20,0,1
BRDA:368,20,1,2
BRDA:410,21,0,2
BRDA:428,22,0,4
BRDA:428,22,1,1
BRDA:430,23,0,4
BRDA:430,23,1,1
BRDA:431,24,0,4
BRDA:431,24,1,1
BRDA:438,25,0,4
BRDA:438,25,1,1
BRDA:460,26,0,1
BRDA:474,27,0,2
BRDA:474,27,1,1
BRDA:476,28,0,1
BRDA:476,28,1,1
BRDA:516,29,0,1
BRDA:548,30,0,2
BRDA:548,31,0,3
BRDA:548,31,1,2
BRDA:576,32,0,1
BRDA:620,33,0,1
BRDA:639,34,0,2
BRDA:640,35,0,3
BRDA:640,35,1,2
BRDA:673,36,0,2
BRDA:674,37,0,4
BRDA:674,37,1,3
BRDA:745,38,0,2
BRDA:745,38,1,1
BRDA:762,39,0,1
BRF:56
BRH:55
end_of_record
TN:
SF:src/services/subscription.service.ts
FN:69,(anonymous_2)
FN:74,(anonymous_3)
FN:100,(anonymous_4)
FN:269,(anonymous_5)
FN:320,(anonymous_6)
FN:364,(anonymous_7)
FN:420,(anonymous_8)
FN:446,(anonymous_9)
FN:455,(anonymous_10)
FN:471,(anonymous_11)
FN:490,(anonymous_12)
FN:519,(anonymous_13)
FN:531,(anonymous_14)
FN:552,(anonymous_15)
FNF:14
FNH:14
FNDA:59,(anonymous_2)
FNDA:40,(anonymous_3)
FNDA:41,(anonymous_4)
FNDA:11,(anonymous_5)
FNDA:7,(anonymous_6)
FNDA:5,(anonymous_7)
FNDA:3,(anonymous_8)
FNDA:3,(anonymous_9)
FNDA:4,(anonymous_10)
FNDA:5,(anonymous_11)
FNDA:6,(anonymous_12)
FNDA:10,(anonymous_13)
FNDA:4,(anonymous_14)
FNDA:3,(anonymous_15)
DA:8,3
DA:9,3
DA:10,3
DA:11,3
DA:66,3
DA:67,59
DA:69,59
DA:75,40
DA:76,40
DA:81,33
DA:92,7
DA:93,7
DA:101,41
DA:103,13
DA:156,14
DA:209,13
DA:262,1
DA:277,11
DA:278,11
DA:279,10
DA:283,10
DA:284,2
DA:291,8
DA:292,1
DA:299,7
DA:300,1
DA:307,6
DA:309,1
DA:310,1
DA:328,7
DA:329,7
DA:330,6
DA:334,6
DA:335,2
DA:341,4
DA:342,2
DA:348,2
DA:353,1
DA:354,1
DA:371,5
DA:372,5
DA:373,4
DA:376,4
DA:378,4
DA:379,2
DA:398,2
DA:404,2
DA:406,1
DA:407,1
DA:421,3
DA:424,3
DA:431,0
DA:432,0
DA:449,3
DA:456,4
DA:457,4
DA:458,3
DA:461,3
DA:463,1
DA:464,1
DA:472,5
DA:473,5
DA:474,4
DA:477,4
DA:479,1
DA:480,1
DA:495,6
DA:496,6
DA:504,5
DA:510,5
DA:512,1
DA:520,10
DA:525,10
DA:535,4
DA:536,4
DA:537,3
DA:538,3
DA:539,3
DA:541,1
DA:542,1
DA:555,3
LF:81
LH:79
BRDA:82,0,0,33
BRDA:82,0,1,11
BRDA:101,1,0,13
BRDA:101,1,1,14
BRDA:101,1,2,13
BRDA:101,1,3,1
BRDA:283,2,0,2
BRDA:283,3,0,10
BRDA:283,3,1,4
BRDA:291,4,0,1
BRDA:291,5,0,8
BRDA:291,5,1,3
BRDA:299,6,0,1
BRDA:299,7,0,7
BRDA:299,7,1,3
BRDA:334,8,0,2
BRDA:341,9,0,2
BRDA:378,10,0,2
BRDA:378,11,0,4
BRDA:378,11,1,3
BRDA:400,12,0,2
BRDA:400,12,1,0
BRDA:525,13,0,10
BRDA:525,13,1,1
BRF:24
BRH:23
end_of_record
TN:
SF:src/shared/middleware/correlation-id.middleware.ts
FN:10,(anonymous_1)
FN:19,(anonymous_2)
FN:34,(anonymous_3)
FNF:3
FNH:3
FNDA:33,(anonymous_1)
FNDA:99,(anonymous_2)
FNDA:33,(anonymous_3)
DA:1,1
DA:3,1
DA:10,1
DA:11,33
DA:22,99
DA:23,4
DA:25,95
DA:37,33
DA:41,33
DA:44,33
DA:49,33
DA:50,33
DA:51,33
DA:54,33
DA:57,33
DA:70,33
LF:16
LH:16
BRDA:22,0,0,4
BRDA:37,1,0,33
BRDA:37,1,1,26
BRDA:41,2,0,33
BRDA:41,2,1,28
BRF:5
BRH:5
end_of_record
TN:
SF:src/types/express.d.ts
FNF:0
FNH:0
LF:0
LH:0
BRF:0
BRH:0
end_of_record
